['python', 'train.py', '--debug-sub-ratio=1', '--config-filename=config3.yml', '--no-channels=1', '--target-gpu=gpu1', '--data-path=/home/eavsteen/seizure_detection/data', '--patients=patient2_0']
init done
Command line arguments: Namespace(chosen_validation_ratio=0.2, config_filename='config3.yml', data_path='/home/eavsteen/seizure_detection/data', debug_sub_ratio=1.0, exclude_user=[], fixed_seed=True, include_user=[], mode='None', model_path='/home/eavsteen/seizure_detection/vault', no_channels=1, no_predict_test=False, no_preprocessing=False, no_save_model=False, no_training=False, patients=['patient2_0'], plot_prob_dist=False, save_preprocessed=False, shift=0, shuffle_before_split=True, target_gpu='gpu1')
Git reference:  Timestamp: 2016-10-17 20:44:19.654693
Hostname: kat
gpu1
Configuration 'config3.yml':
Configuration:
preprocess:
    floor: 0
    ceil: 64
    fft_width: 1024
    overlap: 0
    magnitude_window: 192
    augmentation: shift
    normalization: min_max_x255
    include_userdata: false
training:
    model: net26
evaluation:
    online_training: False
    model: net26

end Configuration
['patient2_0']
<type 'list'>
Loading and preprocessing data...
total
191
25
train
153
20
validation
38
5
test_magnitude.shape (1406, 64)
20
5
153
38
Read in dataset from train_3 ...
Processing data ...
read data and preprocess (fft and slicing)
read in channels [0]
/home/eavsteen/seizure_detection/data/train_3/3_
normal i 0
normal i 1
normal i 2
normal i 3
normal i 4
normal i 5
normal i 6
normal i 7
normal i 8
normal i 9
normal i 10
normal i 11
normal i 12
normal i 13
normal i 14
normal i 15
normal i 16
normal i 17
normal i 18
normal i 19
normal i 20
normal i 21
normal i 22
normal i 23
normal i 24
normal i 25
normal i 26
normal i 27
normal i 28
normal i 29
normal i 30
normal i 31
normal i 32
normal i 33
normal i 34
normal i 35
normal i 36
normal i 37
normal i 38
normal i 39
normal i 40
normal i 41
normal i 42
normal i 43
normal i 44
normal i 45
normal i 46
normal i 47
normal i 48
normal i 49
normal i 50
normal i 51
normal i 52
normal i 53
normal i 54
normal i 55
normal i 56
normal i 57
normal i 58
normal i 59
normal i 60
normal i 61
normal i 62
normal i 63
normal i 64
normal i 65
normal i 66
normal i 67
normal i 68
normal i 69
normal i 70
normal i 71
normal i 72
normal i 73
normal i 74
normal i 75
normal i 76
normal i 77
normal i 78
normal i 79
normal i 80
normal i 81
normal i 82
normal i 83
normal i 84
normal i 85
normal i 86
normal i 87
normal i 88
normal i 89
normal i 90
normal i 91
normal i 92
normal i 93
normal i 94
normal i 95
normal i 96
normal i 97
normal i 98
normal i 99
normal i 100
normal i 101
normal i 102
normal i 103
normal i 104
normal i 105
normal i 106
normal i 107
normal i 108
normal i 109
normal i 110
normal i 111
normal i 112
normal i 113
normal i 114
normal i 115
normal i 116
normal i 117
normal i 118
normal i 119
normal i 120
normal i 121
normal i 122
normal i 123
normal i 124
normal i 125
normal i 126
normal i 127
normal i 128
normal i 129
normal i 130
normal i 131
normal i 132
normal i 133
normal i 134
normal i 135
normal i 136
normal i 137
normal i 138
normal i 139
normal i 140
normal i 141
normal i 142
normal i 143
normal i 144
normal i 145
normal i 146
normal i 147
normal i 148
normal i 149
normal i 150
normal i 151
normal i 152
normal i 153
normal i 154
normal i 155
normal i 156
normal i 157
normal i 158
normal i 159
normal i 160
normal i 161
normal i 162
normal i 163
normal i 164
normal i 165
normal i 166
normal i 167
normal i 168
normal i 169
normal i 170
normal i 171
normal i 172
normal i 173
normal i 174
normal i 175
normal i 176
normal i 177
normal i 178
normal i 179
normal i 180
normal i 181
normal i 182
normal i 183
normal i 184
normal i 185
normal i 186
normal i 187
normal i 188
normal i 189
normal i 190
seizure i 0
seizure i 1
seizure i 2
seizure i 3
seizure i 4
seizure i 5
seizure i 6
seizure i 7
seizure i 8
seizure i 9
seizure i 10
seizure i 11
seizure i 12
seizure i 13
seizure i 14
seizure i 15
seizure i 16
seizure i 17
seizure i 18
seizure i 19
seizure i 20
seizure i 21
seizure i 22
seizure i 23
seizure i 24
Done reading in 191 no seizure hours and 25 seizure hours
train_counter_seizure 20 val_counter_seizure 5
train_counter_normal 153 val_counter_normal 38
Memory usage (GB): 0.771137536
train_counter_seizure 20 val_counter_seizure 5
train_counter_normal 153 val_counter_normal 38
percentiles:
0 0.0 0.0
10 367.479559326 395.117904663
20 582.979382324 615.201062012
30 795.170080566 830.338665771
40 1032.00554199 1067.2041748
50 1317.6385498 1346.52661133
60 1685.20253906 1697.71447754
70 2197.84929199 2175.63908691
80 3011.64487305 2914.53989258
90 4710.7300293 4431.95449219
100 63321.7421875 58944.8007812
Histogram:
[3822 3822]
yTrain.shape (7644,)
xTrain.shape (7644,)
Histogram:
[570 570]
yTrain.shape (7644,)
xTrain.shape (1140,)
xVal.shape (1140,)
yVal.shape (1140,)
Ratio validation: 0.2
xTrain.shape (7644,)
yTrain.shape (7644,)
xVal.shape (1140, 2)
yVal.shape (1140,)
Building models ...
Model name for the training phase:  net26
Model name for the evaluation phase:  net26
Training model...
# Neural Network with 37890 learnable parameters

## Layer information

  #    name  size
---  ------  ---------
  0          1x192x64
  1          32x192x64
  2          32x192x64
  3          32x192x64
  4          32x96x32
  5          32x96x32
  6          32x96x32
  7          32x48x16
  8          2x48x16
  9          2
 10          2

BI_test_bal_complete called with len(X) = 1530
  epoch    trn loss    val loss    trn/val    valid acc  dur
-------  ----------  ----------  ---------  -----------  ------
      1         nan         nan        nan      0.50015  39.91s
BI_test_bal_complete called with len(X) = 1530
      2         nan         nan        nan      0.50026  40.26s
BI_test_bal_complete called with len(X) = 1530
      3         nan         nan        nan      0.50170  42.19s
BI_test_bal_complete called with len(X) = 1530
      4         nan         nan        nan      0.50041  43.72s
BI_test_bal_complete called with len(X) = 1530
      5         nan         nan        nan      0.50104  44.47s
BI_test_bal_complete called with len(X) = 1530
      6         nan         nan        nan      0.50041  44.39s
BI_test_bal_complete called with len(X) = 1530
      7         nan         nan        nan      0.49974  44.13s
BI_test_bal_complete called with len(X) = 1530
      8         nan         nan        nan      0.50010  44.11s
BI_test_bal_complete called with len(X) = 1530
      9         nan         nan        nan      0.50062  43.88s
BI_test_bal_complete called with len(X) = 1530
     10         nan         nan        nan      0.49948  43.96s
BI_test_bal_complete called with len(X) = 1530
Early stopping.
Best valid loss was inf at epoch 0.
['python', 'train.py', '--debug-sub-ratio=1', '--config-filename=config3.yml', '--no-channels=1', '--target-gpu=gpu1', '--data-path=/home/eavsteen/seizure_detection/data', '--patients=patient2_1']
init done
Command line arguments: Namespace(chosen_validation_ratio=0.2, config_filename='config3.yml', data_path='/home/eavsteen/seizure_detection/data', debug_sub_ratio=1.0, exclude_user=[], fixed_seed=True, include_user=[], mode='None', model_path='/home/eavsteen/seizure_detection/vault', no_channels=1, no_predict_test=False, no_preprocessing=False, no_save_model=False, no_training=False, patients=['patient2_1'], plot_prob_dist=False, save_preprocessed=False, shift=0, shuffle_before_split=True, target_gpu='gpu1')
Git reference:  Timestamp: 2016-10-17 21:01:35.463498
Hostname: kat
gpu1
Configuration 'config3.yml':
Configuration:
preprocess:
    floor: 0
    ceil: 64
    fft_width: 1024
    overlap: 0
    magnitude_window: 192
    augmentation: shift
    normalization: min_max_x255
    include_userdata: false
training:
    model: net26
evaluation:
    online_training: False
    model: net26

end Configuration
['patient2_1']
<type 'list'>
Loading and preprocessing data...
total
191
25
train
153
20
validation
38
5
test_magnitude.shape (1406, 64)
20
5
153
38
Read in dataset from train_3 ...
Processing data ...
read data and preprocess (fft and slicing)
read in channels [1]
/home/eavsteen/seizure_detection/data/train_3/3_
normal i 0
normal i 1
normal i 2
normal i 3
normal i 4
normal i 5
normal i 6
normal i 7
normal i 8
normal i 9
normal i 10
normal i 11
normal i 12
normal i 13
normal i 14
normal i 15
normal i 16
normal i 17
normal i 18
normal i 19
normal i 20
normal i 21
normal i 22
normal i 23
normal i 24
normal i 25
normal i 26
normal i 27
normal i 28
normal i 29
normal i 30
normal i 31
normal i 32
normal i 33
normal i 34
normal i 35
normal i 36
normal i 37
normal i 38
normal i 39
normal i 40
normal i 41
normal i 42
normal i 43
normal i 44
normal i 45
normal i 46
normal i 47
normal i 48
normal i 49
normal i 50
normal i 51
normal i 52
normal i 53
normal i 54
normal i 55
normal i 56
normal i 57
normal i 58
normal i 59
normal i 60
normal i 61
normal i 62
normal i 63
normal i 64
normal i 65
normal i 66
normal i 67
normal i 68
normal i 69
normal i 70
normal i 71
normal i 72
normal i 73
normal i 74
normal i 75
normal i 76
normal i 77
normal i 78
normal i 79
normal i 80
normal i 81
normal i 82
normal i 83
normal i 84
normal i 85
normal i 86
normal i 87
normal i 88
normal i 89
normal i 90
normal i 91
normal i 92
normal i 93
normal i 94
normal i 95
normal i 96
normal i 97
normal i 98
normal i 99
normal i 100
normal i 101
normal i 102
normal i 103
normal i 104
normal i 105
normal i 106
normal i 107
normal i 108
normal i 109
normal i 110
normal i 111
normal i 112
normal i 113
normal i 114
normal i 115
normal i 116
normal i 117
normal i 118
normal i 119
normal i 120
normal i 121
normal i 122
normal i 123
normal i 124
normal i 125
normal i 126
normal i 127
normal i 128
normal i 129
normal i 130
normal i 131
normal i 132
normal i 133
normal i 134
normal i 135
normal i 136
normal i 137
normal i 138
normal i 139
normal i 140
normal i 141
normal i 142
normal i 143
normal i 144
normal i 145
normal i 146
normal i 147
normal i 148
normal i 149
normal i 150
normal i 151
normal i 152
normal i 153
normal i 154
normal i 155
normal i 156
normal i 157
normal i 158
normal i 159
normal i 160
normal i 161
normal i 162
normal i 163
normal i 164
normal i 165
normal i 166
normal i 167
normal i 168
normal i 169
normal i 170
normal i 171
normal i 172
normal i 173
normal i 174
normal i 175
normal i 176
normal i 177
normal i 178
normal i 179
normal i 180
normal i 181
normal i 182
normal i 183
normal i 184
normal i 185
normal i 186
normal i 187
normal i 188
normal i 189
normal i 190
seizure i 0
seizure i 1
seizure i 2
seizure i 3
seizure i 4
seizure i 5
seizure i 6
seizure i 7
seizure i 8
seizure i 9
seizure i 10
seizure i 11
seizure i 12
seizure i 13
seizure i 14
seizure i 15
seizure i 16
seizure i 17
seizure i 18
seizure i 19
seizure i 20
seizure i 21
seizure i 22
seizure i 23
seizure i 24
Done reading in 191 no seizure hours and 25 seizure hours
train_counter_seizure 20 val_counter_seizure 5
train_counter_normal 153 val_counter_normal 38
Memory usage (GB): 0.77056
train_counter_seizure 20 val_counter_seizure 5
train_counter_normal 153 val_counter_normal 38
percentiles:
0 0.0 0.0
10 263.661355591 284.954690552
20 416.892218018 440.678961182
30 568.269549561 590.942108154
40 738.6140625 756.022766113
50 948.0390625 954.364257812
60 1230.36213379 1214.27253418
70 1653.89840088 1589.50096436
80 2395.20083008 2220.65932617
90 4170.49838867 3672.37075195
100 56617.8046875 55581.1640625
Histogram:
[3822 3822]
yTrain.shape (7644,)
xTrain.shape (7644,)
Histogram:
[570 570]
yTrain.shape (7644,)
xTrain.shape (1140,)
xVal.shape (1140,)
yVal.shape (1140,)
Ratio validation: 0.2
xTrain.shape (7644,)
yTrain.shape (7644,)
xVal.shape (1140, 2)
yVal.shape (1140,)
Building models ...
Model name for the training phase:  net26
Model name for the evaluation phase:  net26
Training model...
# Neural Network with 37890 learnable parameters

## Layer information

  #    name  size
---  ------  ---------
  0          1x192x64
  1          32x192x64
  2          32x192x64
  3          32x192x64
  4          32x96x32
  5          32x96x32
  6          32x96x32
  7          32x48x16
  8          2x48x16
  9          2
 10          2

BI_test_bal_complete called with len(X) = 1530
  epoch    trn loss    val loss    trn/val    valid acc  dur
-------  ----------  ----------  ---------  -----------  ------
      1         nan         nan        nan      0.50015  39.93s
BI_test_bal_complete called with len(X) = 1530
      2         nan         nan        nan      0.50026  40.53s
BI_test_bal_complete called with len(X) = 1530
      3         nan         nan        nan      0.50170  43.08s
BI_test_bal_complete called with len(X) = 1530
      4         nan         nan        nan      0.50041  43.33s
BI_test_bal_complete called with len(X) = 1530
      5         nan         nan        nan      0.50104  43.42s
BI_test_bal_complete called with len(X) = 1530
      6         nan         nan        nan      0.50041  43.55s
BI_test_bal_complete called with len(X) = 1530
      7         nan         nan        nan      0.49974  43.48s
BI_test_bal_complete called with len(X) = 1530
      8         nan         nan        nan      0.50010  43.57s
BI_test_bal_complete called with len(X) = 1530
      9         nan         nan        nan      0.50062  43.66s
BI_test_bal_complete called with len(X) = 1530
     10         nan         nan        nan      0.49948  43.44s
BI_test_bal_complete called with len(X) = 1530
Early stopping.
Best valid loss was inf at epoch 0.
['python', 'train.py', '--debug-sub-ratio=1', '--config-filename=config3.yml', '--no-channels=1', '--target-gpu=gpu1', '--data-path=/home/eavsteen/seizure_detection/data', '--patients=patient2_2']
init done
Command line arguments: Namespace(chosen_validation_ratio=0.2, config_filename='config3.yml', data_path='/home/eavsteen/seizure_detection/data', debug_sub_ratio=1.0, exclude_user=[], fixed_seed=True, include_user=[], mode='None', model_path='/home/eavsteen/seizure_detection/vault', no_channels=1, no_predict_test=False, no_preprocessing=False, no_save_model=False, no_training=False, patients=['patient2_2'], plot_prob_dist=False, save_preprocessed=False, shift=0, shuffle_before_split=True, target_gpu='gpu1')
Git reference:  Timestamp: 2016-10-17 21:13:43.711412
Hostname: kat
gpu1
Configuration 'config3.yml':
Configuration:
preprocess:
    floor: 0
    ceil: 64
    fft_width: 1024
    overlap: 0
    magnitude_window: 192
    augmentation: shift
    normalization: min_max_x255
    include_userdata: false
training:
    model: net26
evaluation:
    online_training: False
    model: net26

end Configuration
['patient2_2']
<type 'list'>
Loading and preprocessing data...
total
191
25
train
153
20
validation
38
5
test_magnitude.shape (1406, 64)
20
5
153
38
Read in dataset from train_3 ...
Processing data ...
read data and preprocess (fft and slicing)
read in channels [2]
/home/eavsteen/seizure_detection/data/train_3/3_
normal i 0
normal i 1
normal i 2
normal i 3
normal i 4
normal i 5
normal i 6
normal i 7
normal i 8
normal i 9
normal i 10
normal i 11
normal i 12
normal i 13
normal i 14
normal i 15
normal i 16
normal i 17
normal i 18
normal i 19
normal i 20
normal i 21
normal i 22
normal i 23
normal i 24
normal i 25
normal i 26
normal i 27
normal i 28
normal i 29
normal i 30
normal i 31
normal i 32
normal i 33
normal i 34
normal i 35
normal i 36
normal i 37
normal i 38
normal i 39
normal i 40
normal i 41
normal i 42
normal i 43
normal i 44
normal i 45
normal i 46
normal i 47
normal i 48
normal i 49
normal i 50
normal i 51
normal i 52
normal i 53
normal i 54
normal i 55
normal i 56
normal i 57
normal i 58
normal i 59
normal i 60
normal i 61
normal i 62
normal i 63
normal i 64
normal i 65
normal i 66
normal i 67
normal i 68
normal i 69
normal i 70
normal i 71
normal i 72
normal i 73
normal i 74
normal i 75
normal i 76
normal i 77
normal i 78
normal i 79
normal i 80
normal i 81
normal i 82
normal i 83
normal i 84
normal i 85
normal i 86
normal i 87
normal i 88
normal i 89
normal i 90
normal i 91
normal i 92
normal i 93
normal i 94
normal i 95
normal i 96
normal i 97
normal i 98
normal i 99
normal i 100
normal i 101
normal i 102
normal i 103
normal i 104
normal i 105
normal i 106
normal i 107
normal i 108
normal i 109
normal i 110
normal i 111
normal i 112
normal i 113
normal i 114
normal i 115
normal i 116
normal i 117
normal i 118
normal i 119
normal i 120
normal i 121
normal i 122
normal i 123
normal i 124
normal i 125
normal i 126
normal i 127
normal i 128
normal i 129
normal i 130
normal i 131
normal i 132
normal i 133
normal i 134
normal i 135
normal i 136
normal i 137
normal i 138
normal i 139
normal i 140
normal i 141
normal i 142
normal i 143
normal i 144
normal i 145
normal i 146
normal i 147
normal i 148
normal i 149
normal i 150
normal i 151
normal i 152
normal i 153
normal i 154
normal i 155
normal i 156
normal i 157
normal i 158
normal i 159
normal i 160
normal i 161
normal i 162
normal i 163
normal i 164
normal i 165
normal i 166
normal i 167
normal i 168
normal i 169
normal i 170
normal i 171
normal i 172
normal i 173
normal i 174
normal i 175
normal i 176
normal i 177
normal i 178
normal i 179
normal i 180
normal i 181
normal i 182
normal i 183
normal i 184
normal i 185
normal i 186
normal i 187
normal i 188
normal i 189
normal i 190
seizure i 0
seizure i 1
seizure i 2
seizure i 3
seizure i 4
seizure i 5
seizure i 6
seizure i 7
seizure i 8
seizure i 9
seizure i 10
seizure i 11
seizure i 12
seizure i 13
seizure i 14
seizure i 15
seizure i 16
seizure i 17
seizure i 18
seizure i 19
seizure i 20
seizure i 21
seizure i 22
seizure i 23
seizure i 24
Done reading in 191 no seizure hours and 25 seizure hours
train_counter_seizure 20 val_counter_seizure 5
train_counter_normal 153 val_counter_normal 38
Memory usage (GB): 0.770605056
train_counter_seizure 20 val_counter_seizure 5
train_counter_normal 153 val_counter_normal 38
percentiles:
0 0.0 0.0
10 209.986540222 225.906962585
20 329.095306396 346.162701416
30 444.230593872 460.11050415
40 570.524414062 582.58815918
50 722.16116333 726.961212158
60 921.348901367 911.623071289
70 1211.68074951 1175.55042725
80 1700.91003418 1611.25981445
90 2771.39865723 2552.46484375
100 58473.7617188 75930.625
Histogram:
[3822 3822]
yTrain.shape (7644,)
xTrain.shape (7644,)
Histogram:
[570 570]
yTrain.shape (7644,)
xTrain.shape (1140,)
xVal.shape (1140,)
yVal.shape (1140,)
Ratio validation: 0.2
xTrain.shape (7644,)
yTrain.shape (7644,)
xVal.shape (1140, 2)
yVal.shape (1140,)
Building models ...
Model name for the training phase:  net26
Model name for the evaluation phase:  net26
Training model...
# Neural Network with 37890 learnable parameters

## Layer information

  #    name  size
---  ------  ---------
  0          1x192x64
  1          32x192x64
  2          32x192x64
  3          32x192x64
  4          32x96x32
  5          32x96x32
  6          32x96x32
  7          32x48x16
  8          2x48x16
  9          2
 10          2

BI_test_bal_complete called with len(X) = 1530
  epoch    trn loss    val loss    trn/val    valid acc  dur
-------  ----------  ----------  ---------  -----------  ------
      1         nan         nan        nan      0.50015  40.02s
BI_test_bal_complete called with len(X) = 1530
      2         nan         nan        nan      0.50026  40.86s
BI_test_bal_complete called with len(X) = 1530
      3         nan         nan        nan      0.50170  43.21s
BI_test_bal_complete called with len(X) = 1530
      4         nan         nan        nan      0.50041  43.43s
BI_test_bal_complete called with len(X) = 1530
      5         nan         nan        nan      0.50104  43.45s
BI_test_bal_complete called with len(X) = 1530
      6         nan         nan        nan      0.50041  43.48s
BI_test_bal_complete called with len(X) = 1530
      7         nan         nan        nan      0.49974  43.62s
BI_test_bal_complete called with len(X) = 1530
      8         nan         nan        nan      0.50010  43.52s
BI_test_bal_complete called with len(X) = 1530
      9         nan         nan        nan      0.50062  43.80s
BI_test_bal_complete called with len(X) = 1530
     10         nan         nan        nan      0.49948  43.91s
BI_test_bal_complete called with len(X) = 1530
Early stopping.
Best valid loss was inf at epoch 0.
['python', 'train.py', '--debug-sub-ratio=1', '--config-filename=config3.yml', '--no-channels=1', '--target-gpu=gpu1', '--data-path=/home/eavsteen/seizure_detection/data', '--patients=patient2_3']
init done
Command line arguments: Namespace(chosen_validation_ratio=0.2, config_filename='config3.yml', data_path='/home/eavsteen/seizure_detection/data', debug_sub_ratio=1.0, exclude_user=[], fixed_seed=True, include_user=[], mode='None', model_path='/home/eavsteen/seizure_detection/vault', no_channels=1, no_predict_test=False, no_preprocessing=False, no_save_model=False, no_training=False, patients=['patient2_3'], plot_prob_dist=False, save_preprocessed=False, shift=0, shuffle_before_split=True, target_gpu='gpu1')
Git reference:  Timestamp: 2016-10-17 21:24:41.018105
Hostname: kat
gpu1
Configuration 'config3.yml':
Configuration:
preprocess:
    floor: 0
    ceil: 64
    fft_width: 1024
    overlap: 0
    magnitude_window: 192
    augmentation: shift
    normalization: min_max_x255
    include_userdata: false
training:
    model: net26
evaluation:
    online_training: False
    model: net26

end Configuration
['patient2_3']
<type 'list'>
Loading and preprocessing data...
total
191
25
train
153
20
validation
38
5
test_magnitude.shape (1406, 64)
20
5
153
38
Read in dataset from train_3 ...
Processing data ...
read data and preprocess (fft and slicing)
read in channels [3]
/home/eavsteen/seizure_detection/data/train_3/3_
normal i 0
normal i 1
normal i 2
normal i 3
normal i 4
normal i 5
normal i 6
normal i 7
normal i 8
normal i 9
normal i 10
normal i 11
normal i 12
normal i 13
normal i 14
normal i 15
normal i 16
normal i 17
normal i 18
normal i 19
normal i 20
normal i 21
normal i 22
normal i 23
normal i 24
normal i 25
normal i 26
normal i 27
normal i 28
normal i 29
normal i 30
normal i 31
normal i 32
normal i 33
normal i 34
normal i 35
normal i 36
normal i 37
normal i 38
normal i 39
normal i 40
normal i 41
normal i 42
normal i 43
normal i 44
normal i 45
normal i 46
normal i 47
normal i 48
normal i 49
normal i 50
normal i 51
normal i 52
normal i 53
normal i 54
normal i 55
normal i 56
normal i 57
normal i 58
normal i 59
normal i 60
normal i 61
normal i 62
normal i 63
normal i 64
normal i 65
normal i 66
normal i 67
normal i 68
normal i 69
normal i 70
normal i 71
normal i 72
normal i 73
normal i 74
normal i 75
normal i 76
normal i 77
normal i 78
normal i 79
normal i 80
normal i 81
normal i 82
normal i 83
normal i 84
normal i 85
normal i 86
normal i 87
normal i 88
normal i 89
normal i 90
normal i 91
normal i 92
normal i 93
normal i 94
normal i 95
normal i 96
normal i 97
normal i 98
normal i 99
normal i 100
normal i 101
normal i 102
normal i 103
normal i 104
normal i 105
normal i 106
normal i 107
normal i 108
normal i 109
normal i 110
normal i 111
normal i 112
normal i 113
normal i 114
normal i 115
normal i 116
normal i 117
normal i 118
normal i 119
normal i 120
normal i 121
normal i 122
normal i 123
normal i 124
normal i 125
normal i 126
normal i 127
normal i 128
normal i 129
normal i 130
normal i 131
normal i 132
normal i 133
normal i 134
normal i 135
normal i 136
normal i 137
normal i 138
normal i 139
normal i 140
normal i 141
normal i 142
normal i 143
normal i 144
normal i 145
normal i 146
normal i 147
normal i 148
normal i 149
normal i 150
normal i 151
normal i 152
normal i 153
normal i 154
normal i 155
normal i 156
normal i 157
normal i 158
normal i 159
normal i 160
normal i 161
normal i 162
normal i 163
normal i 164
normal i 165
normal i 166
normal i 167
normal i 168
normal i 169
normal i 170
normal i 171
normal i 172
normal i 173
normal i 174
normal i 175
normal i 176
normal i 177
normal i 178
normal i 179
normal i 180
normal i 181
normal i 182
normal i 183
normal i 184
normal i 185
normal i 186
normal i 187
normal i 188
normal i 189
normal i 190
seizure i 0
seizure i 1
seizure i 2
seizure i 3
seizure i 4
seizure i 5
seizure i 6
seizure i 7
seizure i 8
seizure i 9
seizure i 10
seizure i 11
seizure i 12
seizure i 13
seizure i 14
seizure i 15
seizure i 16
seizure i 17
seizure i 18
seizure i 19
seizure i 20
seizure i 21
seizure i 22
seizure i 23
seizure i 24
Done reading in 191 no seizure hours and 25 seizure hours
train_counter_seizure 20 val_counter_seizure 5
train_counter_normal 153 val_counter_normal 38
Memory usage (GB): 0.771170304
train_counter_seizure 20 val_counter_seizure 5
train_counter_normal 153 val_counter_normal 38
percentiles:
0 0.0 0.0
10 232.146871948 248.098060608
20 362.633648682 379.823339844
30 488.15196228 505.159686279
40 627.292626953 642.350366211
50 799.678375244 809.175415039
60 1039.14638672 1037.57441406
70 1420.94019775 1395.75299072
80 2108.71582031 2036.62312012
90 3569.3847168 3399.96303711
100 147926.25 114985.820312
Histogram:
[3822 3822]
yTrain.shape (7644,)
xTrain.shape (7644,)
Histogram:
[570 570]
yTrain.shape (7644,)
xTrain.shape (1140,)
xVal.shape (1140,)
yVal.shape (1140,)
Ratio validation: 0.2
xTrain.shape (7644,)
yTrain.shape (7644,)
xVal.shape (1140, 2)
yVal.shape (1140,)
Building models ...
Model name for the training phase:  net26
Model name for the evaluation phase:  net26
Training model...
# Neural Network with 37890 learnable parameters

## Layer information

  #    name  size
---  ------  ---------
  0          1x192x64
  1          32x192x64
  2          32x192x64
  3          32x192x64
  4          32x96x32
  5          32x96x32
  6          32x96x32
  7          32x48x16
  8          2x48x16
  9          2
 10          2

BI_test_bal_complete called with len(X) = 1530
  epoch    trn loss    val loss    trn/val    valid acc  dur
-------  ----------  ----------  ---------  -----------  ------
      1         nan         nan        nan      0.50015  40.04s
BI_test_bal_complete called with len(X) = 1530
      2         nan         nan        nan      0.50026  40.85s
BI_test_bal_complete called with len(X) = 1530
      3         nan         nan        nan      0.50170  43.19s
BI_test_bal_complete called with len(X) = 1530
      4         nan         nan        nan      0.50041  43.51s
BI_test_bal_complete called with len(X) = 1530
      5         nan         nan        nan      0.50104  43.63s
BI_test_bal_complete called with len(X) = 1530
      6         nan         nan        nan      0.50041  43.91s
BI_test_bal_complete called with len(X) = 1530
      7         nan         nan        nan      0.49974  43.82s
BI_test_bal_complete called with len(X) = 1530
      8         nan         nan        nan      0.50010  43.54s
BI_test_bal_complete called with len(X) = 1530
      9         nan         nan        nan      0.50062  43.88s
BI_test_bal_complete called with len(X) = 1530
     10         nan         nan        nan      0.49948  43.77s
BI_test_bal_complete called with len(X) = 1530
Early stopping.
Best valid loss was inf at epoch 0.
['python', 'train.py', '--debug-sub-ratio=1', '--config-filename=config3.yml', '--no-channels=1', '--target-gpu=gpu1', '--data-path=/home/eavsteen/seizure_detection/data', '--patients=patient2_4']
init done
Command line arguments: Namespace(chosen_validation_ratio=0.2, config_filename='config3.yml', data_path='/home/eavsteen/seizure_detection/data', debug_sub_ratio=1.0, exclude_user=[], fixed_seed=True, include_user=[], mode='None', model_path='/home/eavsteen/seizure_detection/vault', no_channels=1, no_predict_test=False, no_preprocessing=False, no_save_model=False, no_training=False, patients=['patient2_4'], plot_prob_dist=False, save_preprocessed=False, shift=0, shuffle_before_split=True, target_gpu='gpu1')
Git reference:  Timestamp: 2016-10-17 21:35:38.907245
Hostname: kat
gpu1
Configuration 'config3.yml':
Configuration:
preprocess:
    floor: 0
    ceil: 64
    fft_width: 1024
    overlap: 0
    magnitude_window: 192
    augmentation: shift
    normalization: min_max_x255
    include_userdata: false
training:
    model: net26
evaluation:
    online_training: False
    model: net26

end Configuration
['patient2_4']
<type 'list'>
Loading and preprocessing data...
total
191
25
train
153
20
validation
38
5
test_magnitude.shape (1406, 64)
20
5
153
38
Read in dataset from train_3 ...
Processing data ...
read data and preprocess (fft and slicing)
read in channels [4]
/home/eavsteen/seizure_detection/data/train_3/3_
normal i 0
normal i 1
normal i 2
normal i 3
normal i 4
normal i 5
normal i 6
normal i 7
normal i 8
normal i 9
normal i 10
normal i 11
normal i 12
normal i 13
normal i 14
normal i 15
normal i 16
normal i 17
normal i 18
normal i 19
normal i 20
normal i 21
normal i 22
normal i 23
normal i 24
normal i 25
normal i 26
normal i 27
normal i 28
normal i 29
normal i 30
normal i 31
normal i 32
normal i 33
normal i 34
normal i 35
normal i 36
normal i 37
normal i 38
normal i 39
normal i 40
normal i 41
normal i 42
normal i 43
normal i 44
normal i 45
normal i 46
normal i 47
normal i 48
normal i 49
normal i 50
normal i 51
normal i 52
normal i 53
normal i 54
normal i 55
normal i 56
normal i 57
normal i 58
normal i 59
normal i 60
normal i 61
normal i 62
normal i 63
normal i 64
normal i 65
normal i 66
normal i 67
normal i 68
normal i 69
normal i 70
normal i 71
normal i 72
normal i 73
normal i 74
normal i 75
normal i 76
normal i 77
normal i 78
normal i 79
normal i 80
normal i 81
normal i 82
normal i 83
normal i 84
normal i 85
normal i 86
normal i 87
normal i 88
normal i 89
normal i 90
normal i 91
normal i 92
normal i 93
normal i 94
normal i 95
normal i 96
normal i 97
normal i 98
normal i 99
normal i 100
normal i 101
normal i 102
normal i 103
normal i 104
normal i 105
normal i 106
normal i 107
normal i 108
normal i 109
normal i 110
normal i 111
normal i 112
normal i 113
normal i 114
normal i 115
normal i 116
normal i 117
normal i 118
normal i 119
normal i 120
normal i 121
normal i 122
normal i 123
normal i 124
normal i 125
normal i 126
normal i 127
normal i 128
normal i 129
normal i 130
normal i 131
normal i 132
normal i 133
normal i 134
normal i 135
normal i 136
normal i 137
normal i 138
normal i 139
normal i 140
normal i 141
normal i 142
normal i 143
normal i 144
normal i 145
normal i 146
normal i 147
normal i 148
normal i 149
normal i 150
normal i 151
normal i 152
normal i 153
normal i 154
normal i 155
normal i 156
normal i 157
normal i 158
normal i 159
normal i 160
normal i 161
normal i 162
normal i 163
normal i 164
normal i 165
normal i 166
normal i 167
normal i 168
normal i 169
normal i 170
normal i 171
normal i 172
normal i 173
normal i 174
normal i 175
normal i 176
normal i 177
normal i 178
normal i 179
normal i 180
normal i 181
normal i 182
normal i 183
normal i 184
normal i 185
normal i 186
normal i 187
normal i 188
normal i 189
normal i 190
seizure i 0
seizure i 1
seizure i 2
seizure i 3
seizure i 4
seizure i 5
seizure i 6
seizure i 7
seizure i 8
seizure i 9
seizure i 10
seizure i 11
seizure i 12
seizure i 13
seizure i 14
seizure i 15
seizure i 16
seizure i 17
seizure i 18
seizure i 19
seizure i 20
seizure i 21
seizure i 22
seizure i 23
seizure i 24
Done reading in 191 no seizure hours and 25 seizure hours
train_counter_seizure 20 val_counter_seizure 5
train_counter_normal 153 val_counter_normal 38
Memory usage (GB): 0.771207168
train_counter_seizure 20 val_counter_seizure 5
train_counter_normal 153 val_counter_normal 38
percentiles:
0 0.0 0.0
10 165.436743164 175.107310486
20 259.898529053 270.363952637
30 352.872415161 363.763861084
40 459.585931396 469.051629639
50 596.801239014 602.84375
60 794.120068359 791.004992676
70 1106.86796875 1082.3704834
80 1648.70195313 1577.21459961
90 2803.05773926 2610.05686035
100 44210.6640625 39898.75
Histogram:
[3822 3822]
yTrain.shape (7644,)
xTrain.shape (7644,)
Histogram:
[570 570]
yTrain.shape (7644,)
xTrain.shape (1140,)
xVal.shape (1140,)
yVal.shape (1140,)
Ratio validation: 0.2
xTrain.shape (7644,)
yTrain.shape (7644,)
xVal.shape (1140, 2)
yVal.shape (1140,)
Building models ...
Model name for the training phase:  net26
Model name for the evaluation phase:  net26
Training model...
# Neural Network with 37890 learnable parameters

## Layer information

  #    name  size
---  ------  ---------
  0          1x192x64
  1          32x192x64
  2          32x192x64
  3          32x192x64
  4          32x96x32
  5          32x96x32
  6          32x96x32
  7          32x48x16
  8          2x48x16
  9          2
 10          2

BI_test_bal_complete called with len(X) = 1530
  epoch    trn loss    val loss    trn/val    valid acc  dur
-------  ----------  ----------  ---------  -----------  ------
      1         nan         nan        nan      0.50015  39.99s
BI_test_bal_complete called with len(X) = 1530
      2         nan         nan        nan      0.50026  40.87s
BI_test_bal_complete called with len(X) = 1530
      3         nan         nan        nan      0.50170  43.10s
BI_test_bal_complete called with len(X) = 1530
      4         nan         nan        nan      0.50041  43.38s
BI_test_bal_complete called with len(X) = 1530
      5         nan         nan        nan      0.50104  43.32s
BI_test_bal_complete called with len(X) = 1530
      6         nan         nan        nan      0.50041  43.53s
BI_test_bal_complete called with len(X) = 1530
      7         nan         nan        nan      0.49974  43.94s
BI_test_bal_complete called with len(X) = 1530
      8         nan         nan        nan      0.50010  43.50s
BI_test_bal_complete called with len(X) = 1530
      9         nan         nan        nan      0.50062  43.86s
BI_test_bal_complete called with len(X) = 1530
     10         nan         nan        nan      0.49948  43.62s
BI_test_bal_complete called with len(X) = 1530
Early stopping.
Best valid loss was inf at epoch 0.
['python', 'train.py', '--debug-sub-ratio=1', '--config-filename=config3.yml', '--no-channels=1', '--target-gpu=gpu1', '--data-path=/home/eavsteen/seizure_detection/data', '--patients=patient2_5']
init done
Command line arguments: Namespace(chosen_validation_ratio=0.2, config_filename='config3.yml', data_path='/home/eavsteen/seizure_detection/data', debug_sub_ratio=1.0, exclude_user=[], fixed_seed=True, include_user=[], mode='None', model_path='/home/eavsteen/seizure_detection/vault', no_channels=1, no_predict_test=False, no_preprocessing=False, no_save_model=False, no_training=False, patients=['patient2_5'], plot_prob_dist=False, save_preprocessed=False, shift=0, shuffle_before_split=True, target_gpu='gpu1')
Git reference:  Timestamp: 2016-10-17 21:46:35.500758
Hostname: kat
gpu1
Configuration 'config3.yml':
Configuration:
preprocess:
    floor: 0
    ceil: 64
    fft_width: 1024
    overlap: 0
    magnitude_window: 192
    augmentation: shift
    normalization: min_max_x255
    include_userdata: false
training:
    model: net26
evaluation:
    online_training: False
    model: net26

end Configuration
['patient2_5']
<type 'list'>
Loading and preprocessing data...
total
191
25
train
153
20
validation
38
5
test_magnitude.shape (1406, 64)
20
5
153
38
Read in dataset from train_3 ...
Processing data ...
read data and preprocess (fft and slicing)
read in channels [5]
/home/eavsteen/seizure_detection/data/train_3/3_
normal i 0
normal i 1
normal i 2
normal i 3
normal i 4
normal i 5
normal i 6
normal i 7
normal i 8
normal i 9
normal i 10
normal i 11
normal i 12
normal i 13
normal i 14
normal i 15
normal i 16
normal i 17
normal i 18
normal i 19
normal i 20
normal i 21
normal i 22
normal i 23
normal i 24
normal i 25
normal i 26
normal i 27
normal i 28
normal i 29
normal i 30
normal i 31
normal i 32
normal i 33
normal i 34
normal i 35
normal i 36
normal i 37
normal i 38
normal i 39
normal i 40
normal i 41
normal i 42
normal i 43
normal i 44
normal i 45
normal i 46
normal i 47
normal i 48
normal i 49
normal i 50
normal i 51
normal i 52
normal i 53
normal i 54
normal i 55
normal i 56
normal i 57
normal i 58
normal i 59
normal i 60
normal i 61
normal i 62
normal i 63
normal i 64
normal i 65
normal i 66
normal i 67
normal i 68
normal i 69
normal i 70
normal i 71
normal i 72
normal i 73
normal i 74
normal i 75
normal i 76
normal i 77
normal i 78
normal i 79
normal i 80
normal i 81
normal i 82
normal i 83
normal i 84
normal i 85
normal i 86
normal i 87
normal i 88
normal i 89
normal i 90
normal i 91
normal i 92
normal i 93
normal i 94
normal i 95
normal i 96
normal i 97
normal i 98
normal i 99
normal i 100
normal i 101
normal i 102
normal i 103
normal i 104
normal i 105
normal i 106
normal i 107
normal i 108
normal i 109
normal i 110
normal i 111
normal i 112
normal i 113
normal i 114
normal i 115
normal i 116
normal i 117
normal i 118
normal i 119
normal i 120
normal i 121
normal i 122
normal i 123
normal i 124
normal i 125
normal i 126
normal i 127
normal i 128
normal i 129
normal i 130
normal i 131
normal i 132
normal i 133
normal i 134
normal i 135
normal i 136
normal i 137
normal i 138
normal i 139
normal i 140
normal i 141
normal i 142
normal i 143
normal i 144
normal i 145
normal i 146
normal i 147
normal i 148
normal i 149
normal i 150
normal i 151
normal i 152
normal i 153
normal i 154
normal i 155
normal i 156
normal i 157
normal i 158
normal i 159
normal i 160
normal i 161
normal i 162
normal i 163
normal i 164
normal i 165
normal i 166
normal i 167
normal i 168
normal i 169
normal i 170
normal i 171
normal i 172
normal i 173
normal i 174
normal i 175
normal i 176
normal i 177
normal i 178
normal i 179
normal i 180
normal i 181
normal i 182
normal i 183
normal i 184
normal i 185
normal i 186
normal i 187
normal i 188
normal i 189
normal i 190
seizure i 0
seizure i 1
seizure i 2
seizure i 3
seizure i 4
seizure i 5
seizure i 6
seizure i 7
seizure i 8
seizure i 9
seizure i 10
seizure i 11
seizure i 12
seizure i 13
seizure i 14
seizure i 15
seizure i 16
seizure i 17
seizure i 18
seizure i 19
seizure i 20
seizure i 21
seizure i 22
seizure i 23
seizure i 24
Done reading in 191 no seizure hours and 25 seizure hours
train_counter_seizure 20 val_counter_seizure 5
train_counter_normal 153 val_counter_normal 38
Memory usage (GB): 0.7708672
train_counter_seizure 20 val_counter_seizure 5
train_counter_normal 153 val_counter_normal 38
percentiles:
0 0.0 0.0
10 185.196789551 197.613002014
20 294.801989746 307.815057373
30 407.290542603 420.04319458
40 542.552478027 552.726599121
50 726.239715576 729.61151123
60 1003.9644165 990.04107666
70 1455.43812256 1400.85588379
80 2251.58901367 2106.12675781
90 4066.22578125 3684.91796875
100 67580.4921875 68869.3984375
Histogram:
[3822 3822]
yTrain.shape (7644,)
xTrain.shape (7644,)
Histogram:
[570 570]
yTrain.shape (7644,)
xTrain.shape (1140,)
xVal.shape (1140,)
yVal.shape (1140,)
Ratio validation: 0.2
xTrain.shape (7644,)
yTrain.shape (7644,)
xVal.shape (1140, 2)
yVal.shape (1140,)
Building models ...
Model name for the training phase:  net26
Model name for the evaluation phase:  net26
Training model...
# Neural Network with 37890 learnable parameters

## Layer information

  #    name  size
---  ------  ---------
  0          1x192x64
  1          32x192x64
  2          32x192x64
  3          32x192x64
  4          32x96x32
  5          32x96x32
  6          32x96x32
  7          32x48x16
  8          2x48x16
  9          2
 10          2

BI_test_bal_complete called with len(X) = 1530
  epoch    trn loss    val loss    trn/val    valid acc  dur
-------  ----------  ----------  ---------  -----------  ------
      1         nan         nan        nan      0.50015  39.97s
BI_test_bal_complete called with len(X) = 1530
      2         nan         nan        nan      0.50026  40.73s
BI_test_bal_complete called with len(X) = 1530
      3         nan         nan        nan      0.50170  43.09s
BI_test_bal_complete called with len(X) = 1530
      4         nan         nan        nan      0.50041  43.34s
BI_test_bal_complete called with len(X) = 1530
      5         nan         nan        nan      0.50104  43.41s
BI_test_bal_complete called with len(X) = 1530
      6         nan         nan        nan      0.50041  43.40s
BI_test_bal_complete called with len(X) = 1530
      7         nan         nan        nan      0.49974  43.84s
BI_test_bal_complete called with len(X) = 1530
      8         nan         nan        nan      0.50010  43.68s
BI_test_bal_complete called with len(X) = 1530
      9         nan         nan        nan      0.50062  43.66s
BI_test_bal_complete called with len(X) = 1530
     10         nan         nan        nan      0.49948  43.69s
BI_test_bal_complete called with len(X) = 1530
Early stopping.
Best valid loss was inf at epoch 0.
['python', 'train.py', '--debug-sub-ratio=1', '--config-filename=config3.yml', '--no-channels=1', '--target-gpu=gpu1', '--data-path=/home/eavsteen/seizure_detection/data', '--patients=patient2_6']
init done
Command line arguments: Namespace(chosen_validation_ratio=0.2, config_filename='config3.yml', data_path='/home/eavsteen/seizure_detection/data', debug_sub_ratio=1.0, exclude_user=[], fixed_seed=True, include_user=[], mode='None', model_path='/home/eavsteen/seizure_detection/vault', no_channels=1, no_predict_test=False, no_preprocessing=False, no_save_model=False, no_training=False, patients=['patient2_6'], plot_prob_dist=False, save_preprocessed=False, shift=0, shuffle_before_split=True, target_gpu='gpu1')
Git reference:  Timestamp: 2016-10-17 21:57:34.017955
Hostname: kat
gpu1
Configuration 'config3.yml':
Configuration:
preprocess:
    floor: 0
    ceil: 64
    fft_width: 1024
    overlap: 0
    magnitude_window: 192
    augmentation: shift
    normalization: min_max_x255
    include_userdata: false
training:
    model: net26
evaluation:
    online_training: False
    model: net26

end Configuration
['patient2_6']
<type 'list'>
Loading and preprocessing data...
total
191
25
train
153
20
validation
38
5
test_magnitude.shape (1406, 64)
20
5
153
38
Read in dataset from train_3 ...
Processing data ...
read data and preprocess (fft and slicing)
read in channels [6]
/home/eavsteen/seizure_detection/data/train_3/3_
normal i 0
normal i 1
normal i 2
normal i 3
normal i 4
normal i 5
normal i 6
normal i 7
normal i 8
normal i 9
normal i 10
normal i 11
normal i 12
normal i 13
normal i 14
normal i 15
normal i 16
normal i 17
normal i 18
normal i 19
normal i 20
normal i 21
normal i 22
normal i 23
normal i 24
normal i 25
normal i 26
normal i 27
normal i 28
normal i 29
normal i 30
normal i 31
normal i 32
normal i 33
normal i 34
normal i 35
normal i 36
normal i 37
normal i 38
normal i 39
normal i 40
normal i 41
normal i 42
normal i 43
normal i 44
normal i 45
normal i 46
normal i 47
normal i 48
normal i 49
normal i 50
normal i 51
normal i 52
normal i 53
normal i 54
normal i 55
normal i 56
normal i 57
normal i 58
normal i 59
normal i 60
normal i 61
normal i 62
normal i 63
normal i 64
normal i 65
normal i 66
normal i 67
normal i 68
normal i 69
normal i 70
normal i 71
normal i 72
normal i 73
normal i 74
normal i 75
normal i 76
normal i 77
normal i 78
normal i 79
normal i 80
normal i 81
normal i 82
normal i 83
normal i 84
normal i 85
normal i 86
normal i 87
normal i 88
normal i 89
normal i 90
normal i 91
normal i 92
normal i 93
normal i 94
normal i 95
normal i 96
normal i 97
normal i 98
normal i 99
normal i 100
normal i 101
normal i 102
normal i 103
normal i 104
normal i 105
normal i 106
normal i 107
normal i 108
normal i 109
normal i 110
normal i 111
normal i 112
normal i 113
normal i 114
normal i 115
normal i 116
normal i 117
normal i 118
normal i 119
normal i 120
normal i 121
normal i 122
normal i 123
normal i 124
normal i 125
normal i 126
normal i 127
normal i 128
normal i 129
normal i 130
normal i 131
normal i 132
normal i 133
normal i 134
normal i 135
normal i 136
normal i 137
normal i 138
normal i 139
normal i 140
normal i 141
normal i 142
normal i 143
normal i 144
normal i 145
normal i 146
normal i 147
normal i 148
normal i 149
normal i 150
normal i 151
normal i 152
normal i 153
normal i 154
normal i 155
normal i 156
normal i 157
normal i 158
normal i 159
normal i 160
normal i 161
normal i 162
normal i 163
normal i 164
normal i 165
normal i 166
normal i 167
normal i 168
normal i 169
normal i 170
normal i 171
normal i 172
normal i 173
normal i 174
normal i 175
normal i 176
normal i 177
normal i 178
normal i 179
normal i 180
normal i 181
normal i 182
normal i 183
normal i 184
normal i 185
normal i 186
normal i 187
normal i 188
normal i 189
normal i 190
seizure i 0
seizure i 1
seizure i 2
seizure i 3
seizure i 4
seizure i 5
seizure i 6
seizure i 7
seizure i 8
seizure i 9
seizure i 10
seizure i 11
seizure i 12
seizure i 13
seizure i 14
seizure i 15
seizure i 16
seizure i 17
seizure i 18
seizure i 19
seizure i 20
seizure i 21
seizure i 22
seizure i 23
seizure i 24
Done reading in 191 no seizure hours and 25 seizure hours
train_counter_seizure 20 val_counter_seizure 5
train_counter_normal 153 val_counter_normal 38
Memory usage (GB): 0.771198976
train_counter_seizure 20 val_counter_seizure 5
train_counter_normal 153 val_counter_normal 38
percentiles:
0 0.0 0.0
10 163.101298523 175.881399536
20 258.470428467 274.155731201
30 355.682626343 373.270678711
40 471.085089111 488.984100342
50 626.310150146 642.409729004
60 861.122949219 869.392102051
70 1253.91723633 1241.61234131
80 1956.83286133 1902.809375
90 3422.80100098 3262.08793945
100 47858.3515625 52179.953125
Histogram:
[3822 3822]
yTrain.shape (7644,)
xTrain.shape (7644,)
Histogram:
[570 570]
yTrain.shape (7644,)
xTrain.shape (1140,)
xVal.shape (1140,)
yVal.shape (1140,)
Ratio validation: 0.2
xTrain.shape (7644,)
yTrain.shape (7644,)
xVal.shape (1140, 2)
yVal.shape (1140,)
Building models ...
Model name for the training phase:  net26
Model name for the evaluation phase:  net26
Training model...
# Neural Network with 37890 learnable parameters

## Layer information

  #    name  size
---  ------  ---------
  0          1x192x64
  1          32x192x64
  2          32x192x64
  3          32x192x64
  4          32x96x32
  5          32x96x32
  6          32x96x32
  7          32x48x16
  8          2x48x16
  9          2
 10          2

BI_test_bal_complete called with len(X) = 1530
  epoch    trn loss    val loss    trn/val    valid acc  dur
-------  ----------  ----------  ---------  -----------  ------
      1         nan         nan        nan      0.50015  40.01s
BI_test_bal_complete called with len(X) = 1530
      2         nan         nan        nan      0.50026  40.64s
BI_test_bal_complete called with len(X) = 1530
      3         nan         nan        nan      0.50170  43.36s
BI_test_bal_complete called with len(X) = 1530
      4         nan         nan        nan      0.50041  43.36s
BI_test_bal_complete called with len(X) = 1530
      5         nan         nan        nan      0.50104  43.53s
BI_test_bal_complete called with len(X) = 1530
      6         nan         nan        nan      0.50041  43.59s
BI_test_bal_complete called with len(X) = 1530
      7         nan         nan        nan      0.49974  43.95s
BI_test_bal_complete called with len(X) = 1530
      8         nan         nan        nan      0.50010  43.72s
BI_test_bal_complete called with len(X) = 1530
      9         nan         nan        nan      0.50062  43.82s
BI_test_bal_complete called with len(X) = 1530
     10         nan         nan        nan      0.49948  43.24s
BI_test_bal_complete called with len(X) = 1530
Early stopping.
Best valid loss was inf at epoch 0.
['python', 'train.py', '--debug-sub-ratio=1', '--config-filename=config3.yml', '--no-channels=1', '--target-gpu=gpu1', '--data-path=/home/eavsteen/seizure_detection/data', '--patients=patient2_7']
init done
Command line arguments: Namespace(chosen_validation_ratio=0.2, config_filename='config3.yml', data_path='/home/eavsteen/seizure_detection/data', debug_sub_ratio=1.0, exclude_user=[], fixed_seed=True, include_user=[], mode='None', model_path='/home/eavsteen/seizure_detection/vault', no_channels=1, no_predict_test=False, no_preprocessing=False, no_save_model=False, no_training=False, patients=['patient2_7'], plot_prob_dist=False, save_preprocessed=False, shift=0, shuffle_before_split=True, target_gpu='gpu1')
Git reference:  Timestamp: 2016-10-17 22:08:33.030232
Hostname: kat
gpu1
Configuration 'config3.yml':
Configuration:
preprocess:
    floor: 0
    ceil: 64
    fft_width: 1024
    overlap: 0
    magnitude_window: 192
    augmentation: shift
    normalization: min_max_x255
    include_userdata: false
training:
    model: net26
evaluation:
    online_training: False
    model: net26

end Configuration
['patient2_7']
<type 'list'>
Loading and preprocessing data...
total
191
25
train
153
20
validation
38
5
test_magnitude.shape (1406, 64)
20
5
153
38
Read in dataset from train_3 ...
Processing data ...
read data and preprocess (fft and slicing)
read in channels [7]
/home/eavsteen/seizure_detection/data/train_3/3_
normal i 0
normal i 1
normal i 2
normal i 3
normal i 4
normal i 5
normal i 6
normal i 7
normal i 8
normal i 9
normal i 10
normal i 11
normal i 12
normal i 13
normal i 14
normal i 15
normal i 16
normal i 17
normal i 18
normal i 19
normal i 20
normal i 21
normal i 22
normal i 23
normal i 24
normal i 25
normal i 26
normal i 27
normal i 28
normal i 29
normal i 30
normal i 31
normal i 32
normal i 33
normal i 34
normal i 35
normal i 36
normal i 37
normal i 38
normal i 39
normal i 40
normal i 41
normal i 42
normal i 43
normal i 44
normal i 45
normal i 46
normal i 47
normal i 48
normal i 49
normal i 50
normal i 51
normal i 52
normal i 53
normal i 54
normal i 55
normal i 56
normal i 57
normal i 58
normal i 59
normal i 60
normal i 61
normal i 62
normal i 63
normal i 64
normal i 65
normal i 66
normal i 67
normal i 68
normal i 69
normal i 70
normal i 71
normal i 72
normal i 73
normal i 74
normal i 75
normal i 76
normal i 77
normal i 78
normal i 79
normal i 80
normal i 81
normal i 82
normal i 83
normal i 84
normal i 85
normal i 86
normal i 87
normal i 88
normal i 89
normal i 90
normal i 91
normal i 92
normal i 93
normal i 94
normal i 95
normal i 96
normal i 97
normal i 98
normal i 99
normal i 100
normal i 101
normal i 102
normal i 103
normal i 104
normal i 105
normal i 106
normal i 107
normal i 108
normal i 109
normal i 110
normal i 111
normal i 112
normal i 113
normal i 114
normal i 115
normal i 116
normal i 117
normal i 118
normal i 119
normal i 120
normal i 121
normal i 122
normal i 123
normal i 124
normal i 125
normal i 126
normal i 127
normal i 128
normal i 129
normal i 130
normal i 131
normal i 132
normal i 133
normal i 134
normal i 135
normal i 136
normal i 137
normal i 138
normal i 139
normal i 140
normal i 141
normal i 142
normal i 143
normal i 144
normal i 145
normal i 146
normal i 147
normal i 148
normal i 149
normal i 150
normal i 151
normal i 152
normal i 153
normal i 154
normal i 155
normal i 156
normal i 157
normal i 158
normal i 159
normal i 160
normal i 161
normal i 162
normal i 163
normal i 164
normal i 165
normal i 166
normal i 167
normal i 168
normal i 169
normal i 170
normal i 171
normal i 172
normal i 173
normal i 174
normal i 175
normal i 176
normal i 177
normal i 178
normal i 179
normal i 180
normal i 181
normal i 182
normal i 183
normal i 184
normal i 185
normal i 186
normal i 187
normal i 188
normal i 189
normal i 190
seizure i 0
seizure i 1
seizure i 2
seizure i 3
seizure i 4
seizure i 5
seizure i 6
seizure i 7
seizure i 8
seizure i 9
seizure i 10
seizure i 11
seizure i 12
seizure i 13
seizure i 14
seizure i 15
seizure i 16
seizure i 17
seizure i 18
seizure i 19
seizure i 20
seizure i 21
seizure i 22
seizure i 23
seizure i 24
Done reading in 191 no seizure hours and 25 seizure hours
train_counter_seizure 20 val_counter_seizure 5
train_counter_normal 153 val_counter_normal 38
Memory usage (GB): 0.770035712
train_counter_seizure 20 val_counter_seizure 5
train_counter_normal 153 val_counter_normal 38
percentiles:
0 0.0 0.0
10 177.49072113 198.887155151
20 286.226177979 314.740679932
30 400.515246582 436.170880127
40 540.098596191 582.037194824
50 725.995513916 773.688720703
60 988.882971191 1040.23283691
70 1379.6152832 1428.96156006
80 1995.99584961 2035.20236816
90 3121.08054199 3130.02658691
100 70629.9609375 92128.8515625
Histogram:
[3822 3822]
yTrain.shape (7644,)
xTrain.shape (7644,)
Histogram:
[570 570]
yTrain.shape (7644,)
xTrain.shape (1140,)
xVal.shape (1140,)
yVal.shape (1140,)
Ratio validation: 0.2
xTrain.shape (7644,)
yTrain.shape (7644,)
xVal.shape (1140, 2)
yVal.shape (1140,)
Building models ...
Model name for the training phase:  net26
Model name for the evaluation phase:  net26
Training model...
# Neural Network with 37890 learnable parameters

## Layer information

  #    name  size
---  ------  ---------
  0          1x192x64
  1          32x192x64
  2          32x192x64
  3          32x192x64
  4          32x96x32
  5          32x96x32
  6          32x96x32
  7          32x48x16
  8          2x48x16
  9          2
 10          2

BI_test_bal_complete called with len(X) = 1530
  epoch    trn loss    val loss    trn/val    valid acc  dur
-------  ----------  ----------  ---------  -----------  ------
      1         nan         nan        nan      0.50015  39.99s
BI_test_bal_complete called with len(X) = 1530
      2         nan         nan        nan      0.50026  40.70s
BI_test_bal_complete called with len(X) = 1530
      3         nan         nan        nan      0.50170  43.16s
BI_test_bal_complete called with len(X) = 1530
      4         nan         nan        nan      0.50041  43.36s
BI_test_bal_complete called with len(X) = 1530
      5         nan         nan        nan      0.50104  43.69s
BI_test_bal_complete called with len(X) = 1530
      6         nan         nan        nan      0.50041  43.72s
BI_test_bal_complete called with len(X) = 1530
      7         nan         nan        nan      0.49974  43.91s
BI_test_bal_complete called with len(X) = 1530
      8         nan         nan        nan      0.50010  43.72s
BI_test_bal_complete called with len(X) = 1530
      9         nan         nan        nan      0.50062  43.71s
BI_test_bal_complete called with len(X) = 1530
     10         nan         nan        nan      0.49948  43.84s
BI_test_bal_complete called with len(X) = 1530
Early stopping.
Best valid loss was inf at epoch 0.
['python', 'train.py', '--debug-sub-ratio=1', '--config-filename=config3.yml', '--no-channels=1', '--target-gpu=gpu1', '--data-path=/home/eavsteen/seizure_detection/data', '--patients=patient2_8']
init done
Command line arguments: Namespace(chosen_validation_ratio=0.2, config_filename='config3.yml', data_path='/home/eavsteen/seizure_detection/data', debug_sub_ratio=1.0, exclude_user=[], fixed_seed=True, include_user=[], mode='None', model_path='/home/eavsteen/seizure_detection/vault', no_channels=1, no_predict_test=False, no_preprocessing=False, no_save_model=False, no_training=False, patients=['patient2_8'], plot_prob_dist=False, save_preprocessed=False, shift=0, shuffle_before_split=True, target_gpu='gpu1')
Git reference:  Timestamp: 2016-10-17 22:19:35.075921
Hostname: kat
gpu1
Configuration 'config3.yml':
Configuration:
preprocess:
    floor: 0
    ceil: 64
    fft_width: 1024
    overlap: 0
    magnitude_window: 192
    augmentation: shift
    normalization: min_max_x255
    include_userdata: false
training:
    model: net26
evaluation:
    online_training: False
    model: net26

end Configuration
['patient2_8']
<type 'list'>
Loading and preprocessing data...
total
191
25
train
153
20
validation
38
5
test_magnitude.shape (1406, 64)
20
5
153
38
Read in dataset from train_3 ...
Processing data ...
read data and preprocess (fft and slicing)
read in channels [8]
/home/eavsteen/seizure_detection/data/train_3/3_
normal i 0
normal i 1
normal i 2
normal i 3
normal i 4
normal i 5
normal i 6
normal i 7
normal i 8
normal i 9
normal i 10
normal i 11
normal i 12
normal i 13
normal i 14
normal i 15
normal i 16
normal i 17
normal i 18
normal i 19
normal i 20
normal i 21
normal i 22
normal i 23
normal i 24
normal i 25
normal i 26
normal i 27
normal i 28
normal i 29
normal i 30
normal i 31
normal i 32
normal i 33
normal i 34
normal i 35
normal i 36
normal i 37
normal i 38
normal i 39
normal i 40
normal i 41
normal i 42
normal i 43
normal i 44
normal i 45
normal i 46
normal i 47
normal i 48
normal i 49
normal i 50
normal i 51
normal i 52
normal i 53
normal i 54
normal i 55
normal i 56
normal i 57
normal i 58
normal i 59
normal i 60
normal i 61
normal i 62
normal i 63
normal i 64
normal i 65
normal i 66
normal i 67
normal i 68
normal i 69
normal i 70
normal i 71
normal i 72
normal i 73
normal i 74
normal i 75
normal i 76
normal i 77
normal i 78
normal i 79
normal i 80
normal i 81
normal i 82
normal i 83
normal i 84
normal i 85
normal i 86
normal i 87
normal i 88
normal i 89
normal i 90
normal i 91
normal i 92
normal i 93
normal i 94
normal i 95
normal i 96
normal i 97
normal i 98
normal i 99
normal i 100
normal i 101
normal i 102
normal i 103
normal i 104
normal i 105
normal i 106
normal i 107
normal i 108
normal i 109
normal i 110
normal i 111
normal i 112
normal i 113
normal i 114
normal i 115
normal i 116
normal i 117
normal i 118
normal i 119
normal i 120
normal i 121
normal i 122
normal i 123
normal i 124
normal i 125
normal i 126
normal i 127
normal i 128
normal i 129
normal i 130
normal i 131
normal i 132
normal i 133
normal i 134
normal i 135
normal i 136
normal i 137
normal i 138
normal i 139
normal i 140
normal i 141
normal i 142
normal i 143
normal i 144
normal i 145
normal i 146
normal i 147
normal i 148
normal i 149
normal i 150
normal i 151
normal i 152
normal i 153
normal i 154
normal i 155
normal i 156
normal i 157
normal i 158
normal i 159
normal i 160
normal i 161
normal i 162
normal i 163
normal i 164
normal i 165
normal i 166
normal i 167
normal i 168
normal i 169
normal i 170
normal i 171
normal i 172
normal i 173
normal i 174
normal i 175
normal i 176
normal i 177
normal i 178
normal i 179
normal i 180
normal i 181
normal i 182
normal i 183
normal i 184
normal i 185
normal i 186
normal i 187
normal i 188
normal i 189
normal i 190
seizure i 0
seizure i 1
seizure i 2
seizure i 3
seizure i 4
seizure i 5
seizure i 6
seizure i 7
seizure i 8
seizure i 9
seizure i 10
seizure i 11
seizure i 12
seizure i 13
seizure i 14
seizure i 15
seizure i 16
seizure i 17
seizure i 18
seizure i 19
seizure i 20
seizure i 21
seizure i 22
seizure i 23
seizure i 24
Done reading in 191 no seizure hours and 25 seizure hours
train_counter_seizure 20 val_counter_seizure 5
train_counter_normal 153 val_counter_normal 38
Memory usage (GB): 0.771350528
train_counter_seizure 20 val_counter_seizure 5
train_counter_normal 153 val_counter_normal 38
percentiles:
0 0.0 0.0
10 304.582891846 331.561761475
20 484.435198975 519.064501953
30 665.606323242 707.089782715
40 874.991894531 920.50123291
50 1137.25024414 1183.24688721
60 1487.04992676 1528.72434082
70 1983.92612305 2011.19562988
80 2754.95263672 2754.76303711
90 4202.81694336 4159.4034668
100 105201.65625 53464.578125
Histogram:
[3822 3822]
yTrain.shape (7644,)
xTrain.shape (7644,)
Histogram:
[570 570]
yTrain.shape (7644,)
xTrain.shape (1140,)
xVal.shape (1140,)
yVal.shape (1140,)
Ratio validation: 0.2
xTrain.shape (7644,)
yTrain.shape (7644,)
xVal.shape (1140, 2)
yVal.shape (1140,)
Building models ...
Model name for the training phase:  net26
Model name for the evaluation phase:  net26
Training model...
# Neural Network with 37890 learnable parameters

## Layer information

  #    name  size
---  ------  ---------
  0          1x192x64
  1          32x192x64
  2          32x192x64
  3          32x192x64
  4          32x96x32
  5          32x96x32
  6          32x96x32
  7          32x48x16
  8          2x48x16
  9          2
 10          2

BI_test_bal_complete called with len(X) = 1530
  epoch    trn loss    val loss    trn/val    valid acc  dur
-------  ----------  ----------  ---------  -----------  ------
      1         nan         nan        nan      0.50015  39.99s
BI_test_bal_complete called with len(X) = 1530
      2         nan         nan        nan      0.50026  40.77s
BI_test_bal_complete called with len(X) = 1530
      3         nan         nan        nan      0.50170  42.95s
BI_test_bal_complete called with len(X) = 1530
      4         nan         nan        nan      0.50041  43.36s
BI_test_bal_complete called with len(X) = 1530
      5         nan         nan        nan      0.50104  43.64s
BI_test_bal_complete called with len(X) = 1530
      6         nan         nan        nan      0.50041  43.41s
