['python', 'train.py', '--debug-sub-ratio=1', '--config-filename=config5.yml', '--no-channels=1', '--target-gpu=gpu1', '--data-path=/home/eavsteen/seizure_detection/data', '--patients=patient2_0']
init done
Command line arguments: Namespace(chosen_validation_ratio=0.2, config_filename='config5.yml', data_path='/home/eavsteen/seizure_detection/data', debug_sub_ratio=1.0, exclude_user=[], fixed_seed=True, include_user=[], mode='None', model_path='/home/eavsteen/seizure_detection/vault', no_channels=1, no_predict_test=False, no_preprocessing=False, no_save_model=False, no_training=False, patients=['patient2_0'], plot_prob_dist=False, save_preprocessed=False, shift=0, shuffle_before_split=True, target_gpu='gpu1')
Git reference:  Timestamp: 2016-10-13 14:50:15.087630
Hostname: kat
gpu1
Configuration 'config5.yml':
Configuration:
preprocess:
    floor: 0
    ceil: 32
    fft_width: 1024
    overlap: 0
    magnitude_window: 192
    augmentation: shift
    normalization: min_max_x255
    include_userdata: false
training:
    model: net13
evaluation:
    online_training: False
    model: net13

end Configuration
['patient2_0']
<type 'list'>
Loading and preprocessing data...
total
191
25
train
153
20
validation
38
5
test_magnitude.shape (1406, 32)
20
5
153
38
Read in dataset from train_3 ...
Processing data ...
read data and preprocess (fft and slicing)
read in channels [0]
/home/eavsteen/seizure_detection/data/train_3/3_
normal i 0
normal i 1
normal i 2
normal i 3
normal i 4
normal i 5
normal i 6
normal i 7
normal i 8
normal i 9
normal i 10
normal i 11
normal i 12
normal i 13
normal i 14
normal i 15
normal i 16
normal i 17
normal i 18
normal i 19
normal i 20
normal i 21
normal i 22
normal i 23
normal i 24
normal i 25
normal i 26
normal i 27
normal i 28
normal i 29
normal i 30
normal i 31
normal i 32
normal i 33
normal i 34
normal i 35
normal i 36
normal i 37
normal i 38
normal i 39
normal i 40
normal i 41
normal i 42
normal i 43
normal i 44
normal i 45
normal i 46
normal i 47
normal i 48
normal i 49
normal i 50
normal i 51
normal i 52
normal i 53
normal i 54
normal i 55
normal i 56
normal i 57
normal i 58
normal i 59
normal i 60
normal i 61
normal i 62
normal i 63
normal i 64
normal i 65
normal i 66
normal i 67
normal i 68
normal i 69
normal i 70
normal i 71
normal i 72
normal i 73
normal i 74
normal i 75
normal i 76
normal i 77
normal i 78
normal i 79
normal i 80
normal i 81
normal i 82
normal i 83
normal i 84
normal i 85
normal i 86
normal i 87
normal i 88
normal i 89
normal i 90
normal i 91
normal i 92
normal i 93
normal i 94
normal i 95
normal i 96
normal i 97
normal i 98
normal i 99
normal i 100
normal i 101
normal i 102
normal i 103
normal i 104
normal i 105
normal i 106
normal i 107
normal i 108
normal i 109
normal i 110
normal i 111
normal i 112
normal i 113
normal i 114
normal i 115
normal i 116
normal i 117
normal i 118
normal i 119
normal i 120
normal i 121
normal i 122
normal i 123
normal i 124
normal i 125
normal i 126
normal i 127
normal i 128
normal i 129
normal i 130
normal i 131
normal i 132
normal i 133
normal i 134
normal i 135
normal i 136
normal i 137
normal i 138
normal i 139
normal i 140
normal i 141
normal i 142
normal i 143
normal i 144
normal i 145
normal i 146
normal i 147
normal i 148
normal i 149
normal i 150
normal i 151
normal i 152
normal i 153
normal i 154
normal i 155
normal i 156
normal i 157
normal i 158
normal i 159
normal i 160
normal i 161
normal i 162
normal i 163
normal i 164
normal i 165
normal i 166
normal i 167
normal i 168
normal i 169
normal i 170
normal i 171
normal i 172
normal i 173
normal i 174
normal i 175
normal i 176
normal i 177
normal i 178
normal i 179
normal i 180
normal i 181
normal i 182
normal i 183
normal i 184
normal i 185
normal i 186
normal i 187
normal i 188
normal i 189
normal i 190
seizure i 0
seizure i 1
seizure i 2
seizure i 3
seizure i 4
seizure i 5
seizure i 6
seizure i 7
seizure i 8
seizure i 9
seizure i 10
seizure i 11
seizure i 12
seizure i 13
seizure i 14
seizure i 15
seizure i 16
seizure i 17
seizure i 18
seizure i 19
seizure i 20
seizure i 21
seizure i 22
seizure i 23
seizure i 24
Done reading in 191 no seizure hours and 25 seizure hours
train_counter_seizure 20 val_counter_seizure 5
train_counter_normal 153 val_counter_normal 38
Memory usage (GB): 0.715776
train_counter_seizure 20 val_counter_seizure 5
train_counter_normal 153 val_counter_normal 38
percentiles:
0 0.0 0.0
10 719.493286133 713.301513672
20 1125.04443359 1099.65490723
30 1499.04968262 1452.75018311
40 1889.57055664 1818.82214355
50 2330.37634277 2232.24707031
60 2868.7409668 2727.1159668
70 3588.09667969 3382.57849121
80 4677.31054688 4375.19628906
90 6773.26660156 6329.9074707
100 63321.7421875 58944.8007812
Histogram:
[3822 3822]
yTrain.shape (7644,)
xTrain.shape (7644,)
Histogram:
[570 570]
yTrain.shape (7644,)
xTrain.shape (1140,)
xVal.shape (1140,)
yVal.shape (1140,)
Ratio validation: 0.2
xTrain.shape (7644,)
yTrain.shape (7644,)
xVal.shape (1140, 2)
yVal.shape (1140,)
Building models ...
Model name for the training phase:  net13
Model name for the evaluation phase:  net13
['python', 'train.py', '--debug-sub-ratio=1', '--config-filename=config5.yml', '--no-channels=1', '--target-gpu=gpu1', '--data-path=/home/eavsteen/seizure_detection/data', '--patients=patient2_1']
init done
Command line arguments: Namespace(chosen_validation_ratio=0.2, config_filename='config5.yml', data_path='/home/eavsteen/seizure_detection/data', debug_sub_ratio=1.0, exclude_user=[], fixed_seed=True, include_user=[], mode='None', model_path='/home/eavsteen/seizure_detection/vault', no_channels=1, no_predict_test=False, no_preprocessing=False, no_save_model=False, no_training=False, patients=['patient2_1'], plot_prob_dist=False, save_preprocessed=False, shift=0, shuffle_before_split=True, target_gpu='gpu1')
Git reference:  Timestamp: 2016-10-13 14:53:58.206199
Hostname: kat
gpu1
Configuration 'config5.yml':
Configuration:
preprocess:
    floor: 0
    ceil: 32
    fft_width: 1024
    overlap: 0
    magnitude_window: 192
    augmentation: shift
    normalization: min_max_x255
    include_userdata: false
training:
    model: net13
evaluation:
    online_training: False
    model: net13

end Configuration
['patient2_1']
<type 'list'>
Loading and preprocessing data...
total
191
25
train
153
20
validation
38
5
test_magnitude.shape (1406, 32)
20
5
153
38
Read in dataset from train_3 ...
Processing data ...
read data and preprocess (fft and slicing)
read in channels [1]
/home/eavsteen/seizure_detection/data/train_3/3_
normal i 0
normal i 1
normal i 2
normal i 3
normal i 4
normal i 5
normal i 6
normal i 7
normal i 8
normal i 9
normal i 10
normal i 11
normal i 12
normal i 13
normal i 14
normal i 15
normal i 16
normal i 17
normal i 18
normal i 19
normal i 20
normal i 21
normal i 22
normal i 23
normal i 24
normal i 25
normal i 26
normal i 27
normal i 28
normal i 29
normal i 30
normal i 31
normal i 32
normal i 33
normal i 34
normal i 35
normal i 36
normal i 37
normal i 38
normal i 39
normal i 40
normal i 41
normal i 42
normal i 43
normal i 44
normal i 45
normal i 46
normal i 47
normal i 48
normal i 49
normal i 50
normal i 51
normal i 52
normal i 53
normal i 54
normal i 55
normal i 56
normal i 57
normal i 58
normal i 59
normal i 60
normal i 61
normal i 62
normal i 63
normal i 64
normal i 65
normal i 66
normal i 67
normal i 68
normal i 69
normal i 70
normal i 71
normal i 72
normal i 73
normal i 74
normal i 75
normal i 76
normal i 77
normal i 78
normal i 79
normal i 80
normal i 81
normal i 82
normal i 83
normal i 84
normal i 85
normal i 86
normal i 87
normal i 88
normal i 89
normal i 90
normal i 91
normal i 92
normal i 93
normal i 94
normal i 95
normal i 96
normal i 97
normal i 98
normal i 99
normal i 100
normal i 101
normal i 102
normal i 103
normal i 104
normal i 105
normal i 106
normal i 107
normal i 108
normal i 109
normal i 110
normal i 111
normal i 112
normal i 113
normal i 114
normal i 115
normal i 116
normal i 117
normal i 118
normal i 119
normal i 120
normal i 121
normal i 122
normal i 123
normal i 124
normal i 125
normal i 126
normal i 127
normal i 128
normal i 129
normal i 130
normal i 131
normal i 132
normal i 133
normal i 134
normal i 135
normal i 136
normal i 137
normal i 138
normal i 139
normal i 140
normal i 141
normal i 142
normal i 143
normal i 144
normal i 145
normal i 146
normal i 147
normal i 148
normal i 149
normal i 150
normal i 151
normal i 152
normal i 153
normal i 154
normal i 155
normal i 156
normal i 157
normal i 158
normal i 159
normal i 160
normal i 161
normal i 162
normal i 163
normal i 164
normal i 165
normal i 166
normal i 167
normal i 168
normal i 169
normal i 170
normal i 171
normal i 172
normal i 173
normal i 174
normal i 175
normal i 176
normal i 177
normal i 178
normal i 179
normal i 180
normal i 181
normal i 182
normal i 183
normal i 184
normal i 185
normal i 186
normal i 187
normal i 188
normal i 189
normal i 190
seizure i 0
seizure i 1
seizure i 2
seizure i 3
seizure i 4
seizure i 5
seizure i 6
seizure i 7
seizure i 8
seizure i 9
seizure i 10
seizure i 11
seizure i 12
seizure i 13
seizure i 14
seizure i 15
seizure i 16
seizure i 17
seizure i 18
seizure i 19
seizure i 20
seizure i 21
seizure i 22
seizure i 23
seizure i 24
Done reading in 191 no seizure hours and 25 seizure hours
train_counter_seizure 20 val_counter_seizure 5
train_counter_normal 153 val_counter_normal 38
Memory usage (GB): 0.714432512
train_counter_seizure 20 val_counter_seizure 5
train_counter_normal 153 val_counter_normal 38
percentiles:
0 0.0 0.0
10 552.902008057 533.659088135
20 865.409118652 821.86340332
30 1159.57305908 1092.72888184
40 1476.37988281 1379.27514648
50 1848.48779297 1711.05456543
60 2326.09619141 2125.72558594
70 3010.23718262 2702.53100586
80 4156.28466797 3647.63256836
90 6534.52490234 5720.0703125
100 56617.8046875 55581.1640625
Histogram:
[3822 3822]
yTrain.shape (7644,)
xTrain.shape (7644,)
Histogram:
[570 570]
yTrain.shape (7644,)
xTrain.shape (1140,)
xVal.shape (1140,)
yVal.shape (1140,)
Ratio validation: 0.2
xTrain.shape (7644,)
yTrain.shape (7644,)
xVal.shape (1140, 2)
yVal.shape (1140,)
Building models ...
Model name for the training phase:  net13
Model name for the evaluation phase:  net13
['python', 'train.py', '--debug-sub-ratio=1', '--config-filename=config5.yml', '--no-channels=1', '--target-gpu=gpu1', '--data-path=/home/eavsteen/seizure_detection/data', '--patients=patient2_2']
init done
Command line arguments: Namespace(chosen_validation_ratio=0.2, config_filename='config5.yml', data_path='/home/eavsteen/seizure_detection/data', debug_sub_ratio=1.0, exclude_user=[], fixed_seed=True, include_user=[], mode='None', model_path='/home/eavsteen/seizure_detection/vault', no_channels=1, no_predict_test=False, no_preprocessing=False, no_save_model=False, no_training=False, patients=['patient2_2'], plot_prob_dist=False, save_preprocessed=False, shift=0, shuffle_before_split=True, target_gpu='gpu1')
Git reference:  Timestamp: 2016-10-13 14:57:05.328257
Hostname: kat
gpu1
Configuration 'config5.yml':
Configuration:
preprocess:
    floor: 0
    ceil: 32
    fft_width: 1024
    overlap: 0
    magnitude_window: 192
    augmentation: shift
    normalization: min_max_x255
    include_userdata: false
training:
    model: net13
evaluation:
    online_training: False
    model: net13

end Configuration
['patient2_2']
<type 'list'>
Loading and preprocessing data...
total
191
25
train
153
20
validation
38
5
test_magnitude.shape (1406, 32)
20
5
153
38
Read in dataset from train_3 ...
Processing data ...
read data and preprocess (fft and slicing)
read in channels [2]
/home/eavsteen/seizure_detection/data/train_3/3_
normal i 0
normal i 1
normal i 2
normal i 3
normal i 4
normal i 5
normal i 6
normal i 7
normal i 8
normal i 9
normal i 10
normal i 11
normal i 12
normal i 13
normal i 14
normal i 15
normal i 16
normal i 17
normal i 18
normal i 19
normal i 20
normal i 21
normal i 22
normal i 23
normal i 24
normal i 25
normal i 26
normal i 27
normal i 28
normal i 29
normal i 30
normal i 31
normal i 32
normal i 33
normal i 34
normal i 35
normal i 36
normal i 37
normal i 38
normal i 39
normal i 40
normal i 41
normal i 42
normal i 43
normal i 44
normal i 45
normal i 46
normal i 47
normal i 48
normal i 49
normal i 50
normal i 51
normal i 52
normal i 53
normal i 54
normal i 55
normal i 56
normal i 57
normal i 58
normal i 59
normal i 60
normal i 61
normal i 62
normal i 63
normal i 64
normal i 65
normal i 66
normal i 67
normal i 68
normal i 69
normal i 70
normal i 71
normal i 72
normal i 73
normal i 74
normal i 75
normal i 76
normal i 77
normal i 78
normal i 79
normal i 80
normal i 81
normal i 82
normal i 83
normal i 84
normal i 85
normal i 86
normal i 87
normal i 88
normal i 89
normal i 90
normal i 91
normal i 92
normal i 93
normal i 94
normal i 95
normal i 96
normal i 97
normal i 98
normal i 99
normal i 100
normal i 101
normal i 102
normal i 103
normal i 104
normal i 105
normal i 106
normal i 107
normal i 108
normal i 109
normal i 110
normal i 111
normal i 112
normal i 113
normal i 114
normal i 115
normal i 116
normal i 117
normal i 118
normal i 119
normal i 120
normal i 121
normal i 122
normal i 123
normal i 124
normal i 125
normal i 126
normal i 127
normal i 128
normal i 129
normal i 130
normal i 131
normal i 132
normal i 133
normal i 134
normal i 135
normal i 136
normal i 137
normal i 138
normal i 139
normal i 140
normal i 141
normal i 142
normal i 143
normal i 144
normal i 145
normal i 146
normal i 147
normal i 148
normal i 149
normal i 150
normal i 151
normal i 152
normal i 153
normal i 154
normal i 155
normal i 156
normal i 157
normal i 158
normal i 159
normal i 160
normal i 161
normal i 162
normal i 163
normal i 164
normal i 165
normal i 166
normal i 167
normal i 168
normal i 169
normal i 170
normal i 171
normal i 172
normal i 173
normal i 174
normal i 175
normal i 176
normal i 177
normal i 178
normal i 179
normal i 180
normal i 181
normal i 182
normal i 183
normal i 184
normal i 185
normal i 186
normal i 187
normal i 188
normal i 189
normal i 190
seizure i 0
seizure i 1
seizure i 2
seizure i 3
seizure i 4
seizure i 5
seizure i 6
seizure i 7
seizure i 8
seizure i 9
seizure i 10
seizure i 11
seizure i 12
seizure i 13
seizure i 14
seizure i 15
seizure i 16
seizure i 17
seizure i 18
seizure i 19
seizure i 20
seizure i 21
seizure i 22
seizure i 23
seizure i 24
Done reading in 191 no seizure hours and 25 seizure hours
train_counter_seizure 20 val_counter_seizure 5
train_counter_normal 153 val_counter_normal 38
Memory usage (GB): 0.714850304
train_counter_seizure 20 val_counter_seizure 5
train_counter_normal 153 val_counter_normal 38
percentiles:
0 0.0 0.0
10 428.785522461 418.371994019
20 660.637023926 635.674499512
30 873.2394104 834.340087891
40 1095.95544434 1041.45812988
50 1349.51568604 1274.42279053
60 1663.90258789 1561.61645508
70 2094.06872559 1947.54901123
80 2766.80664062 2544.0949707
90 4074.02539062 3758.82739258
100 58473.7617188 75930.625
Histogram:
[3822 3822]
yTrain.shape (7644,)
xTrain.shape (7644,)
Histogram:
[570 570]
yTrain.shape (7644,)
xTrain.shape (1140,)
xVal.shape (1140,)
yVal.shape (1140,)
Ratio validation: 0.2
xTrain.shape (7644,)
yTrain.shape (7644,)
xVal.shape (1140, 2)
yVal.shape (1140,)
Building models ...
Model name for the training phase:  net13
Model name for the evaluation phase:  net13
['python', 'train.py', '--debug-sub-ratio=1', '--config-filename=config5.yml', '--no-channels=1', '--target-gpu=gpu1', '--data-path=/home/eavsteen/seizure_detection/data', '--patients=patient2_3']
init done
Command line arguments: Namespace(chosen_validation_ratio=0.2, config_filename='config5.yml', data_path='/home/eavsteen/seizure_detection/data', debug_sub_ratio=1.0, exclude_user=[], fixed_seed=True, include_user=[], mode='None', model_path='/home/eavsteen/seizure_detection/vault', no_channels=1, no_predict_test=False, no_preprocessing=False, no_save_model=False, no_training=False, patients=['patient2_3'], plot_prob_dist=False, save_preprocessed=False, shift=0, shuffle_before_split=True, target_gpu='gpu1')
Git reference:  Timestamp: 2016-10-13 15:00:22.529791
Hostname: kat
gpu1
Configuration 'config5.yml':
Configuration:
preprocess:
    floor: 0
    ceil: 32
    fft_width: 1024
    overlap: 0
    magnitude_window: 192
    augmentation: shift
    normalization: min_max_x255
    include_userdata: false
training:
    model: net13
evaluation:
    online_training: False
    model: net13

end Configuration
['patient2_3']
<type 'list'>
Loading and preprocessing data...
total
191
25
train
153
20
validation
38
5
test_magnitude.shape (1406, 32)
20
5
153
38
Read in dataset from train_3 ...
Processing data ...
read data and preprocess (fft and slicing)
read in channels [3]
/home/eavsteen/seizure_detection/data/train_3/3_
normal i 0
normal i 1
normal i 2
normal i 3
normal i 4
normal i 5
normal i 6
normal i 7
normal i 8
normal i 9
normal i 10
normal i 11
normal i 12
normal i 13
normal i 14
normal i 15
normal i 16
normal i 17
normal i 18
normal i 19
normal i 20
normal i 21
normal i 22
normal i 23
normal i 24
normal i 25
normal i 26
normal i 27
normal i 28
normal i 29
normal i 30
normal i 31
normal i 32
normal i 33
normal i 34
normal i 35
normal i 36
normal i 37
normal i 38
normal i 39
normal i 40
normal i 41
normal i 42
normal i 43
normal i 44
normal i 45
normal i 46
normal i 47
normal i 48
normal i 49
normal i 50
normal i 51
normal i 52
normal i 53
normal i 54
normal i 55
normal i 56
normal i 57
normal i 58
normal i 59
normal i 60
normal i 61
normal i 62
normal i 63
normal i 64
normal i 65
normal i 66
normal i 67
normal i 68
normal i 69
normal i 70
normal i 71
normal i 72
normal i 73
normal i 74
normal i 75
normal i 76
normal i 77
normal i 78
normal i 79
normal i 80
normal i 81
normal i 82
normal i 83
normal i 84
normal i 85
normal i 86
normal i 87
normal i 88
normal i 89
normal i 90
normal i 91
normal i 92
normal i 93
normal i 94
normal i 95
normal i 96
normal i 97
normal i 98
normal i 99
normal i 100
normal i 101
normal i 102
normal i 103
normal i 104
normal i 105
normal i 106
normal i 107
normal i 108
normal i 109
normal i 110
normal i 111
normal i 112
normal i 113
normal i 114
normal i 115
normal i 116
normal i 117
normal i 118
normal i 119
normal i 120
normal i 121
normal i 122
normal i 123
normal i 124
normal i 125
normal i 126
normal i 127
normal i 128
normal i 129
normal i 130
normal i 131
normal i 132
normal i 133
normal i 134
normal i 135
normal i 136
normal i 137
normal i 138
normal i 139
normal i 140
normal i 141
normal i 142
normal i 143
normal i 144
normal i 145
normal i 146
normal i 147
normal i 148
normal i 149
normal i 150
normal i 151
normal i 152
normal i 153
normal i 154
normal i 155
normal i 156
normal i 157
normal i 158
normal i 159
normal i 160
normal i 161
normal i 162
normal i 163
normal i 164
normal i 165
normal i 166
normal i 167
normal i 168
normal i 169
normal i 170
normal i 171
normal i 172
normal i 173
normal i 174
normal i 175
normal i 176
normal i 177
normal i 178
normal i 179
normal i 180
normal i 181
normal i 182
normal i 183
normal i 184
normal i 185
normal i 186
normal i 187
normal i 188
normal i 189
normal i 190
seizure i 0
seizure i 1
seizure i 2
seizure i 3
seizure i 4
seizure i 5
seizure i 6
seizure i 7
seizure i 8
seizure i 9
seizure i 10
seizure i 11
seizure i 12
seizure i 13
seizure i 14
seizure i 15
seizure i 16
seizure i 17
seizure i 18
seizure i 19
seizure i 20
seizure i 21
seizure i 22
seizure i 23
seizure i 24
Done reading in 191 no seizure hours and 25 seizure hours
train_counter_seizure 20 val_counter_seizure 5
train_counter_normal 153 val_counter_normal 38
Memory usage (GB): 0.715718656
train_counter_seizure 20 val_counter_seizure 5
train_counter_normal 153 val_counter_normal 38
percentiles:
0 0.0 0.0
10 479.824264526 479.04234314
20 751.240722656 737.689819336
30 1011.26626587 987.554412842
40 1296.50561523 1260.15625
50 1636.68695068 1580.99505615
60 2067.08496094 1988.26037598
70 2658.17211914 2540.98034668
80 3561.02392578 3388.41943359
90 5310.82470703 5052.78613281
100 147926.25 114985.820312
Histogram:
[3822 3822]
yTrain.shape (7644,)
xTrain.shape (7644,)
Histogram:
[570 570]
yTrain.shape (7644,)
xTrain.shape (1140,)
xVal.shape (1140,)
yVal.shape (1140,)
Ratio validation: 0.2
xTrain.shape (7644,)
yTrain.shape (7644,)
xVal.shape (1140, 2)
yVal.shape (1140,)
Building models ...
Model name for the training phase:  net13
Model name for the evaluation phase:  net13
['python', 'train.py', '--debug-sub-ratio=1', '--config-filename=config5.yml', '--no-channels=1', '--target-gpu=gpu1', '--data-path=/home/eavsteen/seizure_detection/data', '--patients=patient2_4']
init done
Command line arguments: Namespace(chosen_validation_ratio=0.2, config_filename='config5.yml', data_path='/home/eavsteen/seizure_detection/data', debug_sub_ratio=1.0, exclude_user=[], fixed_seed=True, include_user=[], mode='None', model_path='/home/eavsteen/seizure_detection/vault', no_channels=1, no_predict_test=False, no_preprocessing=False, no_save_model=False, no_training=False, patients=['patient2_4'], plot_prob_dist=False, save_preprocessed=False, shift=0, shuffle_before_split=True, target_gpu='gpu1')
Git reference:  Timestamp: 2016-10-13 15:04:17.582856
Hostname: kat
gpu1
Configuration 'config5.yml':
Configuration:
preprocess:
    floor: 0
    ceil: 32
    fft_width: 1024
    overlap: 0
    magnitude_window: 192
    augmentation: shift
    normalization: min_max_x255
    include_userdata: false
training:
    model: net13
evaluation:
    online_training: False
    model: net13

end Configuration
['patient2_4']
<type 'list'>
Loading and preprocessing data...
total
191
25
train
153
20
validation
38
5
test_magnitude.shape (1406, 32)
20
5
153
38
Read in dataset from train_3 ...
Processing data ...
read data and preprocess (fft and slicing)
read in channels [4]
/home/eavsteen/seizure_detection/data/train_3/3_
normal i 0
normal i 1
normal i 2
normal i 3
normal i 4
normal i 5
normal i 6
normal i 7
normal i 8
normal i 9
normal i 10
normal i 11
normal i 12
normal i 13
normal i 14
normal i 15
normal i 16
normal i 17
normal i 18
normal i 19
normal i 20
normal i 21
normal i 22
normal i 23
normal i 24
normal i 25
normal i 26
normal i 27
normal i 28
normal i 29
normal i 30
normal i 31
normal i 32
normal i 33
normal i 34
normal i 35
normal i 36
normal i 37
normal i 38
normal i 39
normal i 40
normal i 41
normal i 42
normal i 43
normal i 44
normal i 45
normal i 46
normal i 47
normal i 48
normal i 49
normal i 50
normal i 51
normal i 52
normal i 53
normal i 54
normal i 55
normal i 56
normal i 57
normal i 58
normal i 59
normal i 60
normal i 61
normal i 62
normal i 63
normal i 64
normal i 65
normal i 66
normal i 67
normal i 68
normal i 69
normal i 70
normal i 71
normal i 72
normal i 73
normal i 74
normal i 75
normal i 76
normal i 77
normal i 78
normal i 79
normal i 80
normal i 81
normal i 82
normal i 83
normal i 84
normal i 85
normal i 86
normal i 87
normal i 88
normal i 89
normal i 90
normal i 91
normal i 92
normal i 93
normal i 94
normal i 95
normal i 96
normal i 97
normal i 98
normal i 99
normal i 100
normal i 101
normal i 102
normal i 103
normal i 104
normal i 105
normal i 106
normal i 107
normal i 108
normal i 109
normal i 110
normal i 111
normal i 112
normal i 113
normal i 114
normal i 115
normal i 116
normal i 117
normal i 118
normal i 119
normal i 120
normal i 121
normal i 122
normal i 123
normal i 124
normal i 125
normal i 126
normal i 127
normal i 128
normal i 129
normal i 130
normal i 131
normal i 132
normal i 133
normal i 134
normal i 135
normal i 136
normal i 137
normal i 138
normal i 139
normal i 140
normal i 141
normal i 142
normal i 143
normal i 144
normal i 145
normal i 146
normal i 147
normal i 148
normal i 149
normal i 150
normal i 151
normal i 152
normal i 153
normal i 154
normal i 155
normal i 156
normal i 157
normal i 158
normal i 159
normal i 160
normal i 161
normal i 162
normal i 163
normal i 164
normal i 165
normal i 166
normal i 167
normal i 168
normal i 169
normal i 170
normal i 171
normal i 172
normal i 173
normal i 174
normal i 175
normal i 176
normal i 177
normal i 178
normal i 179
normal i 180
normal i 181
normal i 182
normal i 183
normal i 184
normal i 185
normal i 186
normal i 187
normal i 188
normal i 189
normal i 190
seizure i 0
seizure i 1
seizure i 2
seizure i 3
seizure i 4
seizure i 5
seizure i 6
seizure i 7
seizure i 8
seizure i 9
seizure i 10
seizure i 11
seizure i 12
seizure i 13
seizure i 14
seizure i 15
seizure i 16
seizure i 17
seizure i 18
seizure i 19
seizure i 20
seizure i 21
seizure i 22
seizure i 23
seizure i 24
Done reading in 191 no seizure hours and 25 seizure hours
train_counter_seizure 20 val_counter_seizure 5
train_counter_normal 153 val_counter_normal 38
Memory usage (GB): 0.71499776
train_counter_seizure 20 val_counter_seizure 5
train_counter_normal 153 val_counter_normal 38
percentiles:
0 0.0 0.0
10 390.218261719 390.211807251
20 610.542480469 600.937316895
30 817.157592773 797.18649292
40 1038.01391602 1005.71862793
50 1296.46325684 1246.49615479
60 1623.5012207 1547.53442383
70 2076.46130371 1957.37371826
80 2791.97241211 2594.88134766
90 4208.98388672 3867.06982422
100 44210.6640625 39898.75
Histogram:
[3822 3822]
yTrain.shape (7644,)
xTrain.shape (7644,)
Histogram:
[570 570]
yTrain.shape (7644,)
xTrain.shape (1140,)
xVal.shape (1140,)
yVal.shape (1140,)
Ratio validation: 0.2
xTrain.shape (7644,)
yTrain.shape (7644,)
xVal.shape (1140, 2)
yVal.shape (1140,)
Building models ...
Model name for the training phase:  net13
Model name for the evaluation phase:  net13
['python', 'train.py', '--debug-sub-ratio=1', '--config-filename=config5.yml', '--no-channels=1', '--target-gpu=gpu1', '--data-path=/home/eavsteen/seizure_detection/data', '--patients=patient2_5']
init done
Command line arguments: Namespace(chosen_validation_ratio=0.2, config_filename='config5.yml', data_path='/home/eavsteen/seizure_detection/data', debug_sub_ratio=1.0, exclude_user=[], fixed_seed=True, include_user=[], mode='None', model_path='/home/eavsteen/seizure_detection/vault', no_channels=1, no_predict_test=False, no_preprocessing=False, no_save_model=False, no_training=False, patients=['patient2_5'], plot_prob_dist=False, save_preprocessed=False, shift=0, shuffle_before_split=True, target_gpu='gpu1')
Git reference:  Timestamp: 2016-10-13 15:07:05.981669
Hostname: kat
gpu1
Configuration 'config5.yml':
Configuration:
preprocess:
    floor: 0
    ceil: 32
    fft_width: 1024
    overlap: 0
    magnitude_window: 192
    augmentation: shift
    normalization: min_max_x255
    include_userdata: false
training:
    model: net13
evaluation:
    online_training: False
    model: net13

end Configuration
['patient2_5']
<type 'list'>
Loading and preprocessing data...
total
191
25
train
153
20
validation
38
5
test_magnitude.shape (1406, 32)
20
5
153
38
Read in dataset from train_3 ...
Processing data ...
read data and preprocess (fft and slicing)
read in channels [5]
/home/eavsteen/seizure_detection/data/train_3/3_
normal i 0
normal i 1
normal i 2
normal i 3
normal i 4
normal i 5
normal i 6
normal i 7
normal i 8
normal i 9
normal i 10
normal i 11
normal i 12
normal i 13
normal i 14
normal i 15
normal i 16
normal i 17
normal i 18
normal i 19
normal i 20
normal i 21
normal i 22
normal i 23
normal i 24
normal i 25
normal i 26
normal i 27
normal i 28
normal i 29
normal i 30
normal i 31
normal i 32
normal i 33
normal i 34
normal i 35
normal i 36
normal i 37
normal i 38
normal i 39
normal i 40
normal i 41
normal i 42
normal i 43
normal i 44
normal i 45
normal i 46
normal i 47
normal i 48
normal i 49
normal i 50
normal i 51
normal i 52
normal i 53
normal i 54
normal i 55
normal i 56
normal i 57
normal i 58
normal i 59
normal i 60
normal i 61
normal i 62
normal i 63
normal i 64
normal i 65
normal i 66
normal i 67
normal i 68
normal i 69
normal i 70
normal i 71
normal i 72
normal i 73
normal i 74
normal i 75
normal i 76
normal i 77
normal i 78
normal i 79
normal i 80
normal i 81
normal i 82
normal i 83
normal i 84
normal i 85
normal i 86
normal i 87
normal i 88
normal i 89
normal i 90
normal i 91
normal i 92
normal i 93
normal i 94
normal i 95
normal i 96
normal i 97
normal i 98
normal i 99
normal i 100
normal i 101
normal i 102
normal i 103
normal i 104
normal i 105
normal i 106
normal i 107
normal i 108
normal i 109
normal i 110
normal i 111
normal i 112
normal i 113
normal i 114
normal i 115
normal i 116
normal i 117
normal i 118
normal i 119
normal i 120
normal i 121
normal i 122
normal i 123
normal i 124
normal i 125
normal i 126
normal i 127
normal i 128
normal i 129
normal i 130
normal i 131
normal i 132
normal i 133
normal i 134
normal i 135
normal i 136
normal i 137
normal i 138
normal i 139
normal i 140
normal i 141
normal i 142
normal i 143
normal i 144
normal i 145
normal i 146
normal i 147
normal i 148
normal i 149
normal i 150
normal i 151
normal i 152
normal i 153
normal i 154
normal i 155
normal i 156
normal i 157
normal i 158
normal i 159
normal i 160
normal i 161
normal i 162
normal i 163
normal i 164
normal i 165
normal i 166
normal i 167
normal i 168
normal i 169
normal i 170
normal i 171
normal i 172
normal i 173
normal i 174
normal i 175
normal i 176
normal i 177
normal i 178
normal i 179
normal i 180
normal i 181
normal i 182
normal i 183
normal i 184
normal i 185
normal i 186
normal i 187
normal i 188
normal i 189
normal i 190
seizure i 0
seizure i 1
seizure i 2
seizure i 3
seizure i 4
seizure i 5
seizure i 6
seizure i 7
seizure i 8
seizure i 9
seizure i 10
seizure i 11
seizure i 12
seizure i 13
seizure i 14
seizure i 15
seizure i 16
seizure i 17
seizure i 18
seizure i 19
seizure i 20
seizure i 21
seizure i 22
seizure i 23
seizure i 24
Done reading in 191 no seizure hours and 25 seizure hours
train_counter_seizure 20 val_counter_seizure 5
train_counter_normal 153 val_counter_normal 38
Memory usage (GB): 0.715583488
train_counter_seizure 20 val_counter_seizure 5
train_counter_normal 153 val_counter_normal 38
percentiles:
0 0.0 0.0
10 500.997558594 496.955749512
20 786.887695312 767.024230957
30 1060.9019165 1024.31774902
40 1362.56335449 1303.07714844
50 1726.42736816 1631.80206299
60 2204.31811523 2056.01953125
70 2895.97033691 2658.55493164
80 4038.65673828 3649.9375
90 6400.25073242 5760.42578125
100 67580.4921875 68869.3984375
Histogram:
[3822 3822]
yTrain.shape (7644,)
xTrain.shape (7644,)
Histogram:
[570 570]
yTrain.shape (7644,)
xTrain.shape (1140,)
xVal.shape (1140,)
yVal.shape (1140,)
Ratio validation: 0.2
xTrain.shape (7644,)
yTrain.shape (7644,)
xVal.shape (1140, 2)
yVal.shape (1140,)
Building models ...
Model name for the training phase:  net13
Model name for the evaluation phase:  net13
['python', 'train.py', '--debug-sub-ratio=1', '--config-filename=config5.yml', '--no-channels=1', '--target-gpu=gpu1', '--data-path=/home/eavsteen/seizure_detection/data', '--patients=patient2_6']
init done
Command line arguments: Namespace(chosen_validation_ratio=0.2, config_filename='config5.yml', data_path='/home/eavsteen/seizure_detection/data', debug_sub_ratio=1.0, exclude_user=[], fixed_seed=True, include_user=[], mode='None', model_path='/home/eavsteen/seizure_detection/vault', no_channels=1, no_predict_test=False, no_preprocessing=False, no_save_model=False, no_training=False, patients=['patient2_6'], plot_prob_dist=False, save_preprocessed=False, shift=0, shuffle_before_split=True, target_gpu='gpu1')
Git reference:  Timestamp: 2016-10-13 15:10:08.037641
Hostname: kat
gpu1
Configuration 'config5.yml':
Configuration:
preprocess:
    floor: 0
    ceil: 32
    fft_width: 1024
    overlap: 0
    magnitude_window: 192
    augmentation: shift
    normalization: min_max_x255
    include_userdata: false
training:
    model: net13
evaluation:
    online_training: False
    model: net13

end Configuration
['patient2_6']
<type 'list'>
Loading and preprocessing data...
total
191
25
train
153
20
validation
38
5
test_magnitude.shape (1406, 32)
20
5
153
38
Read in dataset from train_3 ...
Processing data ...
read data and preprocess (fft and slicing)
read in channels [6]
/home/eavsteen/seizure_detection/data/train_3/3_
normal i 0
normal i 1
normal i 2
normal i 3
normal i 4
normal i 5
normal i 6
normal i 7
normal i 8
normal i 9
normal i 10
normal i 11
normal i 12
normal i 13
normal i 14
normal i 15
normal i 16
normal i 17
normal i 18
normal i 19
normal i 20
normal i 21
normal i 22
normal i 23
normal i 24
normal i 25
normal i 26
normal i 27
normal i 28
normal i 29
normal i 30
normal i 31
normal i 32
normal i 33
normal i 34
normal i 35
normal i 36
normal i 37
normal i 38
normal i 39
normal i 40
normal i 41
normal i 42
normal i 43
normal i 44
normal i 45
normal i 46
normal i 47
normal i 48
normal i 49
normal i 50
normal i 51
normal i 52
normal i 53
normal i 54
normal i 55
normal i 56
normal i 57
normal i 58
normal i 59
normal i 60
normal i 61
normal i 62
normal i 63
normal i 64
normal i 65
normal i 66
normal i 67
normal i 68
normal i 69
normal i 70
normal i 71
normal i 72
normal i 73
normal i 74
normal i 75
normal i 76
normal i 77
normal i 78
normal i 79
normal i 80
normal i 81
normal i 82
normal i 83
normal i 84
normal i 85
normal i 86
normal i 87
normal i 88
normal i 89
normal i 90
normal i 91
normal i 92
normal i 93
normal i 94
normal i 95
normal i 96
normal i 97
normal i 98
normal i 99
normal i 100
normal i 101
normal i 102
normal i 103
normal i 104
normal i 105
normal i 106
normal i 107
normal i 108
normal i 109
normal i 110
normal i 111
normal i 112
normal i 113
normal i 114
normal i 115
normal i 116
normal i 117
normal i 118
normal i 119
normal i 120
normal i 121
normal i 122
normal i 123
normal i 124
normal i 125
normal i 126
normal i 127
normal i 128
normal i 129
normal i 130
normal i 131
normal i 132
normal i 133
normal i 134
normal i 135
normal i 136
normal i 137
normal i 138
normal i 139
normal i 140
normal i 141
normal i 142
normal i 143
normal i 144
normal i 145
normal i 146
normal i 147
normal i 148
normal i 149
normal i 150
normal i 151
normal i 152
normal i 153
normal i 154
normal i 155
normal i 156
normal i 157
normal i 158
normal i 159
normal i 160
normal i 161
normal i 162
normal i 163
normal i 164
normal i 165
normal i 166
normal i 167
normal i 168
normal i 169
normal i 170
normal i 171
normal i 172
normal i 173
normal i 174
normal i 175
normal i 176
normal i 177
normal i 178
normal i 179
normal i 180
normal i 181
normal i 182
normal i 183
normal i 184
normal i 185
normal i 186
normal i 187
normal i 188
normal i 189
normal i 190
seizure i 0
seizure i 1
seizure i 2
seizure i 3
seizure i 4
seizure i 5
seizure i 6
seizure i 7
seizure i 8
seizure i 9
seizure i 10
seizure i 11
seizure i 12
seizure i 13
seizure i 14
seizure i 15
seizure i 16
seizure i 17
seizure i 18
seizure i 19
seizure i 20
seizure i 21
seizure i 22
seizure i 23
seizure i 24
Done reading in 191 no seizure hours and 25 seizure hours
train_counter_seizure 20 val_counter_seizure 5
train_counter_normal 153 val_counter_normal 38
Memory usage (GB): 0.715997184
train_counter_seizure 20 val_counter_seizure 5
train_counter_normal 153 val_counter_normal 38
percentiles:
0 0.0 0.0
10 434.732299805 441.592254639
20 683.031433105 682.651306152
30 923.467041016 915.819732666
40 1191.10705566 1172.34521484
50 1514.71838379 1481.43304443
60 1935.15698242 1877.18664551
70 2520.36157227 2421.70605469
80 3416.31811523 3252.6171875
90 5095.53173828 4810.91186523
100 47858.3515625 52179.953125
Histogram:
[3822 3822]
yTrain.shape (7644,)
xTrain.shape (7644,)
Histogram:
[570 570]
yTrain.shape (7644,)
xTrain.shape (1140,)
xVal.shape (1140,)
yVal.shape (1140,)
Ratio validation: 0.2
xTrain.shape (7644,)
yTrain.shape (7644,)
xVal.shape (1140, 2)
yVal.shape (1140,)
Building models ...
Model name for the training phase:  net13
Model name for the evaluation phase:  net13
['python', 'train.py', '--debug-sub-ratio=1', '--config-filename=config5.yml', '--no-channels=1', '--target-gpu=gpu1', '--data-path=/home/eavsteen/seizure_detection/data', '--patients=patient2_7']
init done
Command line arguments: Namespace(chosen_validation_ratio=0.2, config_filename='config5.yml', data_path='/home/eavsteen/seizure_detection/data', debug_sub_ratio=1.0, exclude_user=[], fixed_seed=True, include_user=[], mode='None', model_path='/home/eavsteen/seizure_detection/vault', no_channels=1, no_predict_test=False, no_preprocessing=False, no_save_model=False, no_training=False, patients=['patient2_7'], plot_prob_dist=False, save_preprocessed=False, shift=0, shuffle_before_split=True, target_gpu='gpu1')
Git reference:  Timestamp: 2016-10-13 15:14:09.179794
Hostname: kat
gpu1
Configuration 'config5.yml':
Configuration:
preprocess:
    floor: 0
    ceil: 32
    fft_width: 1024
    overlap: 0
    magnitude_window: 192
    augmentation: shift
    normalization: min_max_x255
    include_userdata: false
training:
    model: net13
evaluation:
    online_training: False
    model: net13

end Configuration
['patient2_7']
<type 'list'>
Loading and preprocessing data...
total
191
25
train
153
20
validation
38
5
test_magnitude.shape (1406, 32)
20
5
153
38
Read in dataset from train_3 ...
Processing data ...
read data and preprocess (fft and slicing)
read in channels [7]
/home/eavsteen/seizure_detection/data/train_3/3_
normal i 0
normal i 1
normal i 2
normal i 3
normal i 4
normal i 5
normal i 6
normal i 7
normal i 8
normal i 9
normal i 10
normal i 11
normal i 12
normal i 13
normal i 14
normal i 15
normal i 16
normal i 17
normal i 18
normal i 19
normal i 20
normal i 21
normal i 22
normal i 23
normal i 24
normal i 25
normal i 26
normal i 27
normal i 28
normal i 29
normal i 30
normal i 31
normal i 32
normal i 33
normal i 34
normal i 35
normal i 36
normal i 37
normal i 38
normal i 39
normal i 40
normal i 41
normal i 42
normal i 43
normal i 44
normal i 45
normal i 46
normal i 47
normal i 48
normal i 49
normal i 50
normal i 51
normal i 52
normal i 53
normal i 54
normal i 55
normal i 56
normal i 57
normal i 58
normal i 59
normal i 60
normal i 61
normal i 62
normal i 63
normal i 64
normal i 65
normal i 66
normal i 67
normal i 68
normal i 69
normal i 70
normal i 71
normal i 72
normal i 73
normal i 74
normal i 75
normal i 76
normal i 77
normal i 78
normal i 79
normal i 80
normal i 81
normal i 82
normal i 83
normal i 84
normal i 85
normal i 86
normal i 87
normal i 88
normal i 89
normal i 90
normal i 91
normal i 92
normal i 93
normal i 94
normal i 95
normal i 96
normal i 97
normal i 98
normal i 99
normal i 100
normal i 101
normal i 102
normal i 103
normal i 104
normal i 105
normal i 106
normal i 107
normal i 108
normal i 109
normal i 110
normal i 111
normal i 112
normal i 113
normal i 114
normal i 115
normal i 116
normal i 117
normal i 118
normal i 119
normal i 120
normal i 121
normal i 122
normal i 123
normal i 124
normal i 125
normal i 126
normal i 127
normal i 128
normal i 129
normal i 130
normal i 131
normal i 132
normal i 133
normal i 134
normal i 135
normal i 136
normal i 137
normal i 138
normal i 139
normal i 140
normal i 141
normal i 142
normal i 143
normal i 144
normal i 145
normal i 146
normal i 147
normal i 148
normal i 149
normal i 150
normal i 151
normal i 152
normal i 153
normal i 154
normal i 155
normal i 156
normal i 157
normal i 158
normal i 159
normal i 160
normal i 161
normal i 162
normal i 163
normal i 164
normal i 165
normal i 166
normal i 167
normal i 168
normal i 169
normal i 170
normal i 171
normal i 172
normal i 173
normal i 174
normal i 175
normal i 176
normal i 177
normal i 178
normal i 179
normal i 180
normal i 181
normal i 182
normal i 183
normal i 184
normal i 185
normal i 186
normal i 187
normal i 188
normal i 189
normal i 190
seizure i 0
seizure i 1
seizure i 2
seizure i 3
seizure i 4
seizure i 5
seizure i 6
seizure i 7
seizure i 8
seizure i 9
seizure i 10
seizure i 11
seizure i 12
seizure i 13
seizure i 14
seizure i 15
seizure i 16
seizure i 17
seizure i 18
seizure i 19
seizure i 20
seizure i 21
seizure i 22
seizure i 23
seizure i 24
Done reading in 191 no seizure hours and 25 seizure hours
train_counter_seizure 20 val_counter_seizure 5
train_counter_normal 153 val_counter_normal 38
Memory usage (GB): 0.7164928
train_counter_seizure 20 val_counter_seizure 5
train_counter_normal 153 val_counter_normal 38
percentiles:
0 0.0 0.0
10 494.198287964 528.927490234
20 771.678955078 812.729187012
30 1029.53637695 1075.96337891
40 1301.0369873 1347.06640625
50 1608.16815186 1652.12762451
60 1977.01428223 2015.74353027
70 2449.22216797 2478.16870117
80 3119.11621094 3128.29785156
90 4277.18310547 4243.28125
100 70629.9609375 92128.8515625
Histogram:
[3822 3822]
yTrain.shape (7644,)
xTrain.shape (7644,)
Histogram:
[570 570]
yTrain.shape (7644,)
xTrain.shape (1140,)
xVal.shape (1140,)
yVal.shape (1140,)
Ratio validation: 0.2
xTrain.shape (7644,)
yTrain.shape (7644,)
xVal.shape (1140, 2)
yVal.shape (1140,)
Building models ...
Model name for the training phase:  net13
Model name for the evaluation phase:  net13
['python', 'train.py', '--debug-sub-ratio=1', '--config-filename=config5.yml', '--no-channels=1', '--target-gpu=gpu1', '--data-path=/home/eavsteen/seizure_detection/data', '--patients=patient2_8']
init done
Command line arguments: Namespace(chosen_validation_ratio=0.2, config_filename='config5.yml', data_path='/home/eavsteen/seizure_detection/data', debug_sub_ratio=1.0, exclude_user=[], fixed_seed=True, include_user=[], mode='None', model_path='/home/eavsteen/seizure_detection/vault', no_channels=1, no_predict_test=False, no_preprocessing=False, no_save_model=False, no_training=False, patients=['patient2_8'], plot_prob_dist=False, save_preprocessed=False, shift=0, shuffle_before_split=True, target_gpu='gpu1')
Git reference:  Timestamp: 2016-10-13 15:17:42.769659
Hostname: kat
gpu1
Configuration 'config5.yml':
Configuration:
preprocess:
    floor: 0
    ceil: 32
    fft_width: 1024
    overlap: 0
    magnitude_window: 192
    augmentation: shift
    normalization: min_max_x255
    include_userdata: false
training:
    model: net13
evaluation:
    online_training: False
    model: net13

end Configuration
['patient2_8']
<type 'list'>
Loading and preprocessing data...
total
191
25
train
153
20
validation
38
5
test_magnitude.shape (1406, 32)
20
5
153
38
Read in dataset from train_3 ...
Processing data ...
read data and preprocess (fft and slicing)
read in channels [8]
/home/eavsteen/seizure_detection/data/train_3/3_
normal i 0
normal i 1
normal i 2
normal i 3
normal i 4
normal i 5
normal i 6
normal i 7
normal i 8
normal i 9
normal i 10
normal i 11
normal i 12
normal i 13
normal i 14
normal i 15
normal i 16
normal i 17
normal i 18
normal i 19
normal i 20
normal i 21
normal i 22
normal i 23
normal i 24
normal i 25
normal i 26
normal i 27
normal i 28
normal i 29
normal i 30
normal i 31
normal i 32
normal i 33
normal i 34
normal i 35
normal i 36
normal i 37
normal i 38
normal i 39
normal i 40
normal i 41
normal i 42
normal i 43
normal i 44
normal i 45
normal i 46
normal i 47
normal i 48
normal i 49
normal i 50
normal i 51
normal i 52
normal i 53
normal i 54
normal i 55
normal i 56
normal i 57
normal i 58
normal i 59
normal i 60
normal i 61
normal i 62
normal i 63
normal i 64
normal i 65
normal i 66
normal i 67
normal i 68
normal i 69
normal i 70
normal i 71
normal i 72
normal i 73
normal i 74
normal i 75
normal i 76
normal i 77
normal i 78
normal i 79
normal i 80
normal i 81
normal i 82
normal i 83
normal i 84
normal i 85
normal i 86
normal i 87
normal i 88
normal i 89
normal i 90
normal i 91
normal i 92
normal i 93
normal i 94
normal i 95
normal i 96
normal i 97
normal i 98
normal i 99
normal i 100
normal i 101
normal i 102
normal i 103
normal i 104
normal i 105
normal i 106
normal i 107
normal i 108
normal i 109
normal i 110
normal i 111
normal i 112
normal i 113
normal i 114
normal i 115
normal i 116
normal i 117
normal i 118
normal i 119
normal i 120
normal i 121
normal i 122
normal i 123
normal i 124
normal i 125
normal i 126
normal i 127
normal i 128
normal i 129
normal i 130
normal i 131
normal i 132
normal i 133
normal i 134
normal i 135
normal i 136
normal i 137
normal i 138
normal i 139
normal i 140
normal i 141
normal i 142
normal i 143
normal i 144
normal i 145
normal i 146
normal i 147
normal i 148
normal i 149
normal i 150
normal i 151
normal i 152
normal i 153
normal i 154
normal i 155
normal i 156
normal i 157
normal i 158
normal i 159
normal i 160
normal i 161
normal i 162
normal i 163
normal i 164
normal i 165
normal i 166
normal i 167
normal i 168
normal i 169
normal i 170
normal i 171
normal i 172
normal i 173
normal i 174
normal i 175
normal i 176
normal i 177
normal i 178
normal i 179
normal i 180
normal i 181
normal i 182
normal i 183
normal i 184
normal i 185
normal i 186
normal i 187
normal i 188
normal i 189
normal i 190
seizure i 0
seizure i 1
seizure i 2
seizure i 3
seizure i 4
seizure i 5
seizure i 6
seizure i 7
seizure i 8
seizure i 9
seizure i 10
seizure i 11
seizure i 12
seizure i 13
seizure i 14
seizure i 15
seizure i 16
seizure i 17
seizure i 18
seizure i 19
seizure i 20
seizure i 21
seizure i 22
seizure i 23
seizure i 24
Done reading in 191 no seizure hours and 25 seizure hours
train_counter_seizure 20 val_counter_seizure 5
train_counter_normal 153 val_counter_normal 38
Memory usage (GB): 0.715751424
train_counter_seizure 20 val_counter_seizure 5
train_counter_normal 153 val_counter_normal 38
percentiles:
0 0.0 0.0
10 685.534393311 705.405639648
20 1069.26208496 1082.72961426
30 1421.00726318 1428.65856934
40 1785.91943359 1787.84545898
50 2194.5760498 2188.42041016
60 2681.6574707 2665.95166016
70 3304.97106934 3277.14660645
80 4190.52294922 4143.78808594
90 5727.90161133 5662.48022461
100 105201.65625 53464.578125
Histogram:
[3822 3822]
yTrain.shape (7644,)
xTrain.shape (7644,)
Histogram:
[570 570]
yTrain.shape (7644,)
xTrain.shape (1140,)
xVal.shape (1140,)
yVal.shape (1140,)
Ratio validation: 0.2
xTrain.shape (7644,)
yTrain.shape (7644,)
xVal.shape (1140, 2)
yVal.shape (1140,)
Building models ...
Model name for the training phase:  net13
Model name for the evaluation phase:  net13
['python', 'train.py', '--debug-sub-ratio=1', '--config-filename=config5.yml', '--no-channels=1', '--target-gpu=gpu1', '--data-path=/home/eavsteen/seizure_detection/data', '--patients=patient2_9']
init done
Command line arguments: Namespace(chosen_validation_ratio=0.2, config_filename='config5.yml', data_path='/home/eavsteen/seizure_detection/data', debug_sub_ratio=1.0, exclude_user=[], fixed_seed=True, include_user=[], mode='None', model_path='/home/eavsteen/seizure_detection/vault', no_channels=1, no_predict_test=False, no_preprocessing=False, no_save_model=False, no_training=False, patients=['patient2_9'], plot_prob_dist=False, save_preprocessed=False, shift=0, shuffle_before_split=True, target_gpu='gpu1')
Git reference:  Timestamp: 2016-10-13 15:20:39.600256
Hostname: kat
gpu1
Configuration 'config5.yml':
Configuration:
preprocess:
    floor: 0
    ceil: 32
    fft_width: 1024
    overlap: 0
    magnitude_window: 192
    augmentation: shift
    normalization: min_max_x255
    include_userdata: false
training:
    model: net13
evaluation:
    online_training: False
    model: net13

end Configuration
['patient2_9']
<type 'list'>
Loading and preprocessing data...
total
191
25
train
153
20
validation
38
5
test_magnitude.shape (1406, 32)
20
5
153
38
Read in dataset from train_3 ...
Processing data ...
read data and preprocess (fft and slicing)
read in channels [9]
/home/eavsteen/seizure_detection/data/train_3/3_
normal i 0
normal i 1
normal i 2
normal i 3
normal i 4
normal i 5
normal i 6
normal i 7
normal i 8
normal i 9
normal i 10
normal i 11
normal i 12
normal i 13
normal i 14
normal i 15
normal i 16
normal i 17
normal i 18
normal i 19
normal i 20
normal i 21
normal i 22
normal i 23
normal i 24
normal i 25
normal i 26
normal i 27
normal i 28
normal i 29
normal i 30
normal i 31
normal i 32
normal i 33
normal i 34
normal i 35
normal i 36
normal i 37
normal i 38
normal i 39
normal i 40
normal i 41
normal i 42
normal i 43
normal i 44
normal i 45
normal i 46
normal i 47
normal i 48
normal i 49
normal i 50
normal i 51
normal i 52
normal i 53
normal i 54
normal i 55
normal i 56
normal i 57
normal i 58
normal i 59
normal i 60
normal i 61
normal i 62
normal i 63
normal i 64
normal i 65
normal i 66
normal i 67
normal i 68
normal i 69
normal i 70
normal i 71
normal i 72
normal i 73
normal i 74
normal i 75
normal i 76
normal i 77
normal i 78
normal i 79
normal i 80
normal i 81
normal i 82
normal i 83
normal i 84
normal i 85
normal i 86
normal i 87
normal i 88
normal i 89
normal i 90
normal i 91
normal i 92
normal i 93
normal i 94
normal i 95
normal i 96
normal i 97
normal i 98
normal i 99
normal i 100
normal i 101
normal i 102
normal i 103
normal i 104
normal i 105
normal i 106
normal i 107
normal i 108
normal i 109
normal i 110
normal i 111
normal i 112
normal i 113
normal i 114
normal i 115
normal i 116
normal i 117
normal i 118
normal i 119
normal i 120
normal i 121
normal i 122
normal i 123
normal i 124
normal i 125
normal i 126
normal i 127
normal i 128
normal i 129
normal i 130
normal i 131
normal i 132
normal i 133
normal i 134
normal i 135
normal i 136
normal i 137
normal i 138
normal i 139
normal i 140
normal i 141
normal i 142
normal i 143
normal i 144
normal i 145
normal i 146
normal i 147
normal i 148
normal i 149
normal i 150
normal i 151
normal i 152
normal i 153
normal i 154
normal i 155
normal i 156
normal i 157
normal i 158
normal i 159
normal i 160
normal i 161
normal i 162
normal i 163
normal i 164
normal i 165
normal i 166
normal i 167
normal i 168
normal i 169
normal i 170
normal i 171
normal i 172
normal i 173
normal i 174
normal i 175
normal i 176
normal i 177
normal i 178
normal i 179
normal i 180
normal i 181
normal i 182
normal i 183
normal i 184
normal i 185
normal i 186
normal i 187
normal i 188
normal i 189
normal i 190
seizure i 0
seizure i 1
seizure i 2
seizure i 3
seizure i 4
seizure i 5
seizure i 6
seizure i 7
seizure i 8
seizure i 9
seizure i 10
seizure i 11
seizure i 12
seizure i 13
seizure i 14
seizure i 15
seizure i 16
seizure i 17
seizure i 18
seizure i 19
seizure i 20
seizure i 21
seizure i 22
seizure i 23
seizure i 24
Done reading in 191 no seizure hours and 25 seizure hours
train_counter_seizure 20 val_counter_seizure 5
train_counter_normal 153 val_counter_normal 38
Memory usage (GB): 0.716079104
train_counter_seizure 20 val_counter_seizure 5
train_counter_normal 153 val_counter_normal 38
percentiles:
0 0.0 0.0
10 614.386383057 625.168212891
20 956.830749512 962.09564209
30 1275.68701172 1275.11291504
40 1613.11242676 1607.60571289
50 2002.34893799 1988.71716309
60 2488.19726562 2461.32910156
70 3148.66479492 3103.29663086
80 4169.85205078 4085.34692383
90 6188.64941406 5975.96850586
100 81443.234375 46753.0546875
Histogram:
[3822 3822]
yTrain.shape (7644,)
xTrain.shape (7644,)
Histogram:
[570 570]
yTrain.shape (7644,)
xTrain.shape (1140,)
xVal.shape (1140,)
yVal.shape (1140,)
Ratio validation: 0.2
xTrain.shape (7644,)
yTrain.shape (7644,)
xVal.shape (1140, 2)
yVal.shape (1140,)
Building models ...
Model name for the training phase:  net13
Model name for the evaluation phase:  net13
['python', 'train.py', '--debug-sub-ratio=1', '--config-filename=config5.yml', '--no-channels=1', '--target-gpu=gpu1', '--data-path=/home/eavsteen/seizure_detection/data', '--patients=patient2_10']
init done
Command line arguments: Namespace(chosen_validation_ratio=0.2, config_filename='config5.yml', data_path='/home/eavsteen/seizure_detection/data', debug_sub_ratio=1.0, exclude_user=[], fixed_seed=True, include_user=[], mode='None', model_path='/home/eavsteen/seizure_detection/vault', no_channels=1, no_predict_test=False, no_preprocessing=False, no_save_model=False, no_training=False, patients=['patient2_10'], plot_prob_dist=False, save_preprocessed=False, shift=0, shuffle_before_split=True, target_gpu='gpu1')
Git reference:  Timestamp: 2016-10-13 15:24:19.699689
Hostname: kat
gpu1
Configuration 'config5.yml':
Configuration:
preprocess:
    floor: 0
    ceil: 32
    fft_width: 1024
    overlap: 0
    magnitude_window: 192
    augmentation: shift
    normalization: min_max_x255
    include_userdata: false
training:
    model: net13
evaluation:
    online_training: False
    model: net13

end Configuration
['patient2_10']
<type 'list'>
Loading and preprocessing data...
total
191
25
train
153
20
validation
38
5
test_magnitude.shape (1406, 32)
20
5
153
38
Read in dataset from train_3 ...
Processing data ...
read data and preprocess (fft and slicing)
read in channels [10]
/home/eavsteen/seizure_detection/data/train_3/3_
normal i 0
normal i 1
normal i 2
normal i 3
normal i 4
normal i 5
normal i 6
normal i 7
normal i 8
normal i 9
normal i 10
normal i 11
normal i 12
normal i 13
normal i 14
normal i 15
normal i 16
normal i 17
normal i 18
normal i 19
normal i 20
normal i 21
normal i 22
normal i 23
normal i 24
normal i 25
normal i 26
normal i 27
normal i 28
normal i 29
normal i 30
normal i 31
normal i 32
normal i 33
normal i 34
normal i 35
normal i 36
normal i 37
normal i 38
normal i 39
normal i 40
normal i 41
normal i 42
normal i 43
normal i 44
normal i 45
normal i 46
normal i 47
normal i 48
normal i 49
normal i 50
normal i 51
normal i 52
normal i 53
normal i 54
normal i 55
normal i 56
normal i 57
normal i 58
normal i 59
normal i 60
normal i 61
normal i 62
normal i 63
normal i 64
normal i 65
normal i 66
normal i 67
normal i 68
normal i 69
normal i 70
normal i 71
normal i 72
normal i 73
normal i 74
normal i 75
normal i 76
normal i 77
normal i 78
normal i 79
normal i 80
normal i 81
normal i 82
normal i 83
normal i 84
normal i 85
normal i 86
normal i 87
normal i 88
normal i 89
normal i 90
normal i 91
normal i 92
normal i 93
normal i 94
normal i 95
normal i 96
normal i 97
normal i 98
normal i 99
normal i 100
normal i 101
normal i 102
normal i 103
normal i 104
normal i 105
normal i 106
normal i 107
normal i 108
normal i 109
normal i 110
normal i 111
normal i 112
normal i 113
normal i 114
normal i 115
normal i 116
normal i 117
normal i 118
normal i 119
normal i 120
normal i 121
normal i 122
normal i 123
normal i 124
normal i 125
normal i 126
normal i 127
normal i 128
normal i 129
normal i 130
normal i 131
normal i 132
normal i 133
normal i 134
normal i 135
normal i 136
normal i 137
normal i 138
normal i 139
normal i 140
normal i 141
normal i 142
normal i 143
normal i 144
normal i 145
normal i 146
normal i 147
normal i 148
normal i 149
normal i 150
normal i 151
normal i 152
normal i 153
normal i 154
normal i 155
normal i 156
normal i 157
normal i 158
normal i 159
normal i 160
normal i 161
normal i 162
normal i 163
normal i 164
normal i 165
normal i 166
normal i 167
normal i 168
normal i 169
normal i 170
normal i 171
normal i 172
normal i 173
normal i 174
normal i 175
normal i 176
normal i 177
normal i 178
normal i 179
normal i 180
normal i 181
normal i 182
normal i 183
normal i 184
normal i 185
normal i 186
normal i 187
normal i 188
normal i 189
normal i 190
seizure i 0
seizure i 1
seizure i 2
seizure i 3
seizure i 4
seizure i 5
seizure i 6
seizure i 7
seizure i 8
seizure i 9
seizure i 10
seizure i 11
seizure i 12
seizure i 13
seizure i 14
seizure i 15
seizure i 16
seizure i 17
seizure i 18
seizure i 19
seizure i 20
seizure i 21
seizure i 22
seizure i 23
seizure i 24
Done reading in 191 no seizure hours and 25 seizure hours
train_counter_seizure 20 val_counter_seizure 5
train_counter_normal 153 val_counter_normal 38
Memory usage (GB): 0.71573504
train_counter_seizure 20 val_counter_seizure 5
train_counter_normal 153 val_counter_normal 38
percentiles:
0 0.0 0.0
10 529.121643066 550.755096436
20 821.037536621 839.698913574
30 1086.16131592 1102.3145752
40 1359.51257324 1371.30981445
50 1663.11535645 1668.14556885
60 2026.01086426 2020.1895752
70 2496.7644043 2471.83251953
80 3180.73754883 3121.64038086
90 4417.43041992 4276.05029297
100 33467.8828125 31567.0722656
Histogram:
[3822 3822]
yTrain.shape (7644,)
xTrain.shape (7644,)
Histogram:
[570 570]
yTrain.shape (7644,)
xTrain.shape (1140,)
xVal.shape (1140,)
yVal.shape (1140,)
Ratio validation: 0.2
xTrain.shape (7644,)
yTrain.shape (7644,)
xVal.shape (1140, 2)
yVal.shape (1140,)
Building models ...
Model name for the training phase:  net13
Model name for the evaluation phase:  net13
['python', 'train.py', '--debug-sub-ratio=1', '--config-filename=config5.yml', '--no-channels=1', '--target-gpu=gpu1', '--data-path=/home/eavsteen/seizure_detection/data', '--patients=patient2_11']
init done
Command line arguments: Namespace(chosen_validation_ratio=0.2, config_filename='config5.yml', data_path='/home/eavsteen/seizure_detection/data', debug_sub_ratio=1.0, exclude_user=[], fixed_seed=True, include_user=[], mode='None', model_path='/home/eavsteen/seizure_detection/vault', no_channels=1, no_predict_test=False, no_preprocessing=False, no_save_model=False, no_training=False, patients=['patient2_11'], plot_prob_dist=False, save_preprocessed=False, shift=0, shuffle_before_split=True, target_gpu='gpu1')
Git reference:  Timestamp: 2016-10-13 15:28:16.194956
Hostname: kat
gpu1
Configuration 'config5.yml':
Configuration:
preprocess:
    floor: 0
    ceil: 32
    fft_width: 1024
    overlap: 0
    magnitude_window: 192
    augmentation: shift
    normalization: min_max_x255
    include_userdata: false
training:
    model: net13
evaluation:
    online_training: False
    model: net13

end Configuration
['patient2_11']
<type 'list'>
Loading and preprocessing data...
total
191
25
train
153
20
validation
38
5
test_magnitude.shape (1406, 32)
20
5
153
38
Read in dataset from train_3 ...
Processing data ...
read data and preprocess (fft and slicing)
read in channels [11]
/home/eavsteen/seizure_detection/data/train_3/3_
normal i 0
normal i 1
normal i 2
normal i 3
normal i 4
normal i 5
normal i 6
normal i 7
normal i 8
normal i 9
normal i 10
normal i 11
normal i 12
normal i 13
normal i 14
normal i 15
normal i 16
normal i 17
normal i 18
normal i 19
normal i 20
normal i 21
normal i 22
normal i 23
normal i 24
normal i 25
normal i 26
normal i 27
normal i 28
normal i 29
normal i 30
normal i 31
normal i 32
normal i 33
normal i 34
normal i 35
normal i 36
normal i 37
normal i 38
normal i 39
normal i 40
normal i 41
normal i 42
normal i 43
normal i 44
normal i 45
normal i 46
normal i 47
normal i 48
normal i 49
normal i 50
normal i 51
normal i 52
normal i 53
normal i 54
normal i 55
normal i 56
normal i 57
normal i 58
normal i 59
normal i 60
normal i 61
normal i 62
normal i 63
normal i 64
normal i 65
normal i 66
normal i 67
normal i 68
normal i 69
normal i 70
normal i 71
normal i 72
normal i 73
normal i 74
normal i 75
normal i 76
normal i 77
normal i 78
normal i 79
normal i 80
normal i 81
normal i 82
normal i 83
normal i 84
normal i 85
normal i 86
normal i 87
normal i 88
normal i 89
normal i 90
normal i 91
normal i 92
normal i 93
normal i 94
normal i 95
normal i 96
normal i 97
normal i 98
normal i 99
normal i 100
normal i 101
normal i 102
normal i 103
normal i 104
normal i 105
normal i 106
normal i 107
normal i 108
normal i 109
normal i 110
normal i 111
normal i 112
normal i 113
normal i 114
normal i 115
normal i 116
normal i 117
normal i 118
normal i 119
normal i 120
normal i 121
normal i 122
normal i 123
normal i 124
normal i 125
normal i 126
normal i 127
normal i 128
normal i 129
normal i 130
normal i 131
normal i 132
normal i 133
normal i 134
normal i 135
normal i 136
normal i 137
normal i 138
normal i 139
normal i 140
normal i 141
normal i 142
normal i 143
normal i 144
normal i 145
normal i 146
normal i 147
normal i 148
normal i 149
normal i 150
normal i 151
normal i 152
normal i 153
normal i 154
normal i 155
normal i 156
normal i 157
normal i 158
normal i 159
normal i 160
normal i 161
normal i 162
normal i 163
normal i 164
normal i 165
normal i 166
normal i 167
normal i 168
normal i 169
normal i 170
normal i 171
normal i 172
normal i 173
normal i 174
normal i 175
normal i 176
normal i 177
normal i 178
normal i 179
normal i 180
normal i 181
normal i 182
normal i 183
normal i 184
normal i 185
normal i 186
normal i 187
normal i 188
normal i 189
normal i 190
seizure i 0
seizure i 1
seizure i 2
seizure i 3
seizure i 4
seizure i 5
seizure i 6
seizure i 7
seizure i 8
seizure i 9
seizure i 10
seizure i 11
seizure i 12
seizure i 13
seizure i 14
seizure i 15
seizure i 16
seizure i 17
seizure i 18
seizure i 19
seizure i 20
seizure i 21
seizure i 22
seizure i 23
seizure i 24
Done reading in 191 no seizure hours and 25 seizure hours
train_counter_seizure 20 val_counter_seizure 5
train_counter_normal 153 val_counter_normal 38
Memory usage (GB): 0.71735296
train_counter_seizure 20 val_counter_seizure 5
train_counter_normal 153 val_counter_normal 38
percentiles:
0 0.0 0.0
10 481.243530273 513.171875
20 756.69152832 794.288696289
30 1015.19189453 1056.5592041
40 1288.74182129 1333.85644531
50 1600.75793457 1646.66448975
60 1978.22375488 2025.31689453
70 2470.34765625 2522.77404785
80 3190.85961914 3248.54516602
90 4485.05664062 4541.92578125
100 47304.0664062 104914.585938
Histogram:
[3822 3822]
yTrain.shape (7644,)
xTrain.shape (7644,)
Histogram:
[570 570]
yTrain.shape (7644,)
xTrain.shape (1140,)
xVal.shape (1140,)
yVal.shape (1140,)
Ratio validation: 0.2
xTrain.shape (7644,)
yTrain.shape (7644,)
xVal.shape (1140, 2)
yVal.shape (1140,)
Building models ...
Model name for the training phase:  net13
Model name for the evaluation phase:  net13
['python', 'train.py', '--debug-sub-ratio=1', '--config-filename=config5.yml', '--no-channels=1', '--target-gpu=gpu1', '--data-path=/home/eavsteen/seizure_detection/data', '--patients=patient2_12']
init done
Command line arguments: Namespace(chosen_validation_ratio=0.2, config_filename='config5.yml', data_path='/home/eavsteen/seizure_detection/data', debug_sub_ratio=1.0, exclude_user=[], fixed_seed=True, include_user=[], mode='None', model_path='/home/eavsteen/seizure_detection/vault', no_channels=1, no_predict_test=False, no_preprocessing=False, no_save_model=False, no_training=False, patients=['patient2_12'], plot_prob_dist=False, save_preprocessed=False, shift=0, shuffle_before_split=True, target_gpu='gpu1')
Git reference:  Timestamp: 2016-10-13 15:31:52.589290
Hostname: kat
gpu1
Configuration 'config5.yml':
Configuration:
preprocess:
    floor: 0
    ceil: 32
    fft_width: 1024
    overlap: 0
    magnitude_window: 192
    augmentation: shift
    normalization: min_max_x255
    include_userdata: false
training:
    model: net13
evaluation:
    online_training: False
    model: net13

end Configuration
['patient2_12']
<type 'list'>
Loading and preprocessing data...
total
191
25
train
153
20
validation
38
5
test_magnitude.shape (1406, 32)
20
5
153
38
Read in dataset from train_3 ...
Processing data ...
read data and preprocess (fft and slicing)
read in channels [12]
/home/eavsteen/seizure_detection/data/train_3/3_
normal i 0
normal i 1
normal i 2
normal i 3
normal i 4
normal i 5
normal i 6
normal i 7
normal i 8
normal i 9
normal i 10
normal i 11
normal i 12
normal i 13
normal i 14
normal i 15
normal i 16
normal i 17
normal i 18
normal i 19
normal i 20
normal i 21
normal i 22
normal i 23
normal i 24
normal i 25
normal i 26
normal i 27
normal i 28
normal i 29
normal i 30
normal i 31
normal i 32
normal i 33
normal i 34
normal i 35
normal i 36
normal i 37
normal i 38
normal i 39
normal i 40
normal i 41
normal i 42
normal i 43
normal i 44
normal i 45
normal i 46
normal i 47
normal i 48
normal i 49
normal i 50
normal i 51
normal i 52
normal i 53
normal i 54
normal i 55
normal i 56
normal i 57
normal i 58
normal i 59
normal i 60
normal i 61
normal i 62
normal i 63
normal i 64
normal i 65
normal i 66
normal i 67
normal i 68
normal i 69
normal i 70
normal i 71
normal i 72
normal i 73
normal i 74
normal i 75
normal i 76
normal i 77
normal i 78
normal i 79
normal i 80
normal i 81
normal i 82
normal i 83
normal i 84
normal i 85
normal i 86
normal i 87
normal i 88
normal i 89
normal i 90
normal i 91
normal i 92
normal i 93
normal i 94
normal i 95
normal i 96
normal i 97
normal i 98
normal i 99
normal i 100
normal i 101
normal i 102
normal i 103
normal i 104
normal i 105
normal i 106
normal i 107
normal i 108
normal i 109
normal i 110
normal i 111
normal i 112
normal i 113
normal i 114
normal i 115
normal i 116
normal i 117
normal i 118
normal i 119
normal i 120
normal i 121
normal i 122
normal i 123
normal i 124
normal i 125
normal i 126
normal i 127
normal i 128
normal i 129
normal i 130
normal i 131
normal i 132
normal i 133
normal i 134
normal i 135
normal i 136
normal i 137
normal i 138
normal i 139
normal i 140
normal i 141
normal i 142
normal i 143
normal i 144
normal i 145
normal i 146
normal i 147
normal i 148
normal i 149
normal i 150
normal i 151
normal i 152
normal i 153
normal i 154
normal i 155
normal i 156
normal i 157
normal i 158
normal i 159
normal i 160
normal i 161
normal i 162
normal i 163
normal i 164
normal i 165
normal i 166
normal i 167
normal i 168
normal i 169
normal i 170
normal i 171
normal i 172
normal i 173
normal i 174
normal i 175
normal i 176
normal i 177
normal i 178
normal i 179
normal i 180
normal i 181
normal i 182
normal i 183
normal i 184
normal i 185
normal i 186
normal i 187
normal i 188
normal i 189
normal i 190
seizure i 0
seizure i 1
seizure i 2
seizure i 3
seizure i 4
seizure i 5
seizure i 6
seizure i 7
seizure i 8
seizure i 9
seizure i 10
seizure i 11
seizure i 12
seizure i 13
seizure i 14
seizure i 15
seizure i 16
seizure i 17
seizure i 18
seizure i 19
seizure i 20
seizure i 21
seizure i 22
seizure i 23
seizure i 24
Done reading in 191 no seizure hours and 25 seizure hours
train_counter_seizure 20 val_counter_seizure 5
train_counter_normal 153 val_counter_normal 38
Memory usage (GB): 0.716488704
train_counter_seizure 20 val_counter_seizure 5
train_counter_normal 153 val_counter_normal 38
percentiles:
0 0.0 0.0
10 552.749664307 564.594726562
20 864.064147949 870.582519531
30 1153.465271 1155.3236084
40 1456.99194336 1453.87451172
50 1799.94903564 1789.68011475
60 2212.0012207 2191.87939453
70 2743.08496094 2708.07727051
80 3504.67041016 3439.00854492
90 4847.20605469 4726.08178711
100 68512.453125 43195.7773438
Histogram:
[3822 3822]
yTrain.shape (7644,)
xTrain.shape (7644,)
Histogram:
[570 570]
yTrain.shape (7644,)
xTrain.shape (1140,)
xVal.shape (1140,)
yVal.shape (1140,)
Ratio validation: 0.2
xTrain.shape (7644,)
yTrain.shape (7644,)
xVal.shape (1140, 2)
yVal.shape (1140,)
Building models ...
Model name for the training phase:  net13
Model name for the evaluation phase:  net13
['python', 'train.py', '--debug-sub-ratio=1', '--config-filename=config5.yml', '--no-channels=1', '--target-gpu=gpu1', '--data-path=/home/eavsteen/seizure_detection/data', '--patients=patient2_13']
init done
Command line arguments: Namespace(chosen_validation_ratio=0.2, config_filename='config5.yml', data_path='/home/eavsteen/seizure_detection/data', debug_sub_ratio=1.0, exclude_user=[], fixed_seed=True, include_user=[], mode='None', model_path='/home/eavsteen/seizure_detection/vault', no_channels=1, no_predict_test=False, no_preprocessing=False, no_save_model=False, no_training=False, patients=['patient2_13'], plot_prob_dist=False, save_preprocessed=False, shift=0, shuffle_before_split=True, target_gpu='gpu1')
Git reference:  Timestamp: 2016-10-13 15:35:34.666229
Hostname: kat
gpu1
Configuration 'config5.yml':
Configuration:
preprocess:
    floor: 0
    ceil: 32
    fft_width: 1024
    overlap: 0
    magnitude_window: 192
    augmentation: shift
    normalization: min_max_x255
    include_userdata: false
training:
    model: net13
evaluation:
    online_training: False
    model: net13

end Configuration
['patient2_13']
<type 'list'>
Loading and preprocessing data...
total
191
25
train
153
20
validation
38
5
test_magnitude.shape (1406, 32)
20
5
153
38
Read in dataset from train_3 ...
Processing data ...
read data and preprocess (fft and slicing)
read in channels [13]
/home/eavsteen/seizure_detection/data/train_3/3_
normal i 0
normal i 1
normal i 2
normal i 3
normal i 4
normal i 5
normal i 6
normal i 7
normal i 8
normal i 9
normal i 10
normal i 11
normal i 12
normal i 13
normal i 14
normal i 15
normal i 16
normal i 17
normal i 18
normal i 19
normal i 20
normal i 21
normal i 22
normal i 23
normal i 24
normal i 25
normal i 26
normal i 27
normal i 28
normal i 29
normal i 30
normal i 31
normal i 32
normal i 33
normal i 34
normal i 35
normal i 36
normal i 37
normal i 38
normal i 39
normal i 40
normal i 41
normal i 42
normal i 43
normal i 44
normal i 45
normal i 46
normal i 47
normal i 48
normal i 49
normal i 50
normal i 51
normal i 52
normal i 53
normal i 54
normal i 55
normal i 56
normal i 57
normal i 58
normal i 59
normal i 60
normal i 61
normal i 62
normal i 63
normal i 64
normal i 65
normal i 66
normal i 67
normal i 68
normal i 69
normal i 70
normal i 71
normal i 72
normal i 73
normal i 74
normal i 75
normal i 76
normal i 77
normal i 78
normal i 79
normal i 80
normal i 81
normal i 82
normal i 83
normal i 84
normal i 85
normal i 86
normal i 87
normal i 88
normal i 89
normal i 90
normal i 91
normal i 92
normal i 93
normal i 94
normal i 95
normal i 96
normal i 97
normal i 98
normal i 99
normal i 100
normal i 101
normal i 102
normal i 103
normal i 104
normal i 105
normal i 106
normal i 107
normal i 108
normal i 109
normal i 110
normal i 111
normal i 112
normal i 113
normal i 114
normal i 115
normal i 116
normal i 117
normal i 118
normal i 119
normal i 120
normal i 121
normal i 122
normal i 123
normal i 124
normal i 125
normal i 126
normal i 127
normal i 128
normal i 129
normal i 130
normal i 131
normal i 132
normal i 133
normal i 134
normal i 135
normal i 136
normal i 137
normal i 138
normal i 139
normal i 140
normal i 141
normal i 142
normal i 143
normal i 144
normal i 145
normal i 146
normal i 147
normal i 148
normal i 149
normal i 150
normal i 151
normal i 152
normal i 153
normal i 154
normal i 155
normal i 156
normal i 157
normal i 158
normal i 159
normal i 160
normal i 161
normal i 162
normal i 163
normal i 164
normal i 165
normal i 166
normal i 167
normal i 168
normal i 169
normal i 170
normal i 171
normal i 172
normal i 173
normal i 174
normal i 175
normal i 176
normal i 177
normal i 178
normal i 179
normal i 180
normal i 181
normal i 182
normal i 183
normal i 184
normal i 185
normal i 186
normal i 187
normal i 188
normal i 189
normal i 190
seizure i 0
seizure i 1
seizure i 2
seizure i 3
seizure i 4
seizure i 5
seizure i 6
seizure i 7
seizure i 8
seizure i 9
seizure i 10
seizure i 11
seizure i 12
seizure i 13
seizure i 14
seizure i 15
seizure i 16
seizure i 17
seizure i 18
seizure i 19
seizure i 20
seizure i 21
seizure i 22
seizure i 23
seizure i 24
Done reading in 191 no seizure hours and 25 seizure hours
train_counter_seizure 20 val_counter_seizure 5
train_counter_normal 153 val_counter_normal 38
Memory usage (GB): 0.716378112
train_counter_seizure 20 val_counter_seizure 5
train_counter_normal 153 val_counter_normal 38
percentiles:
0 0.0 0.0
10 674.796112061 698.693786621
20 1056.390625 1077.47119141
30 1409.3079834 1432.33648682
40 1778.50671387 1800.46057129
50 2192.96240234 2212.86853027
60 2686.8972168 2702.88647461
70 3318.54443359 3326.45690918
80 4210.55029297 4196.8671875
90 5771.20166016 5692.11865234
100 35079.8945312 31263.9492188
Histogram:
[3822 3822]
yTrain.shape (7644,)
xTrain.shape (7644,)
Histogram:
[570 570]
yTrain.shape (7644,)
xTrain.shape (1140,)
xVal.shape (1140,)
yVal.shape (1140,)
Ratio validation: 0.2
xTrain.shape (7644,)
yTrain.shape (7644,)
xVal.shape (1140, 2)
yVal.shape (1140,)
Building models ...
Model name for the training phase:  net13
Model name for the evaluation phase:  net13
['python', 'train.py', '--debug-sub-ratio=1', '--config-filename=config5.yml', '--no-channels=1', '--target-gpu=gpu1', '--data-path=/home/eavsteen/seizure_detection/data', '--patients=patient2_14']
init done
Command line arguments: Namespace(chosen_validation_ratio=0.2, config_filename='config5.yml', data_path='/home/eavsteen/seizure_detection/data', debug_sub_ratio=1.0, exclude_user=[], fixed_seed=True, include_user=[], mode='None', model_path='/home/eavsteen/seizure_detection/vault', no_channels=1, no_predict_test=False, no_preprocessing=False, no_save_model=False, no_training=False, patients=['patient2_14'], plot_prob_dist=False, save_preprocessed=False, shift=0, shuffle_before_split=True, target_gpu='gpu1')
Git reference:  Timestamp: 2016-10-13 15:40:02.045906
Hostname: kat
gpu1
Configuration 'config5.yml':
Configuration:
preprocess:
    floor: 0
    ceil: 32
    fft_width: 1024
    overlap: 0
    magnitude_window: 192
    augmentation: shift
    normalization: min_max_x255
    include_userdata: false
training:
    model: net13
evaluation:
    online_training: False
    model: net13

end Configuration
['patient2_14']
<type 'list'>
Loading and preprocessing data...
total
191
25
train
153
20
validation
38
5
test_magnitude.shape (1406, 32)
20
5
153
38
Read in dataset from train_3 ...
Processing data ...
read data and preprocess (fft and slicing)
read in channels [14]
/home/eavsteen/seizure_detection/data/train_3/3_
normal i 0
normal i 1
normal i 2
normal i 3
normal i 4
normal i 5
normal i 6
normal i 7
normal i 8
normal i 9
normal i 10
normal i 11
normal i 12
normal i 13
normal i 14
normal i 15
normal i 16
normal i 17
normal i 18
normal i 19
normal i 20
normal i 21
normal i 22
normal i 23
normal i 24
normal i 25
normal i 26
normal i 27
normal i 28
normal i 29
normal i 30
normal i 31
normal i 32
normal i 33
normal i 34
normal i 35
normal i 36
normal i 37
normal i 38
normal i 39
normal i 40
normal i 41
normal i 42
normal i 43
normal i 44
normal i 45
normal i 46
normal i 47
normal i 48
normal i 49
normal i 50
normal i 51
normal i 52
normal i 53
normal i 54
normal i 55
normal i 56
normal i 57
normal i 58
normal i 59
normal i 60
normal i 61
normal i 62
normal i 63
normal i 64
normal i 65
normal i 66
normal i 67
normal i 68
normal i 69
normal i 70
normal i 71
normal i 72
normal i 73
normal i 74
normal i 75
normal i 76
normal i 77
normal i 78
normal i 79
normal i 80
normal i 81
normal i 82
normal i 83
normal i 84
normal i 85
normal i 86
normal i 87
normal i 88
normal i 89
normal i 90
normal i 91
normal i 92
normal i 93
normal i 94
normal i 95
normal i 96
normal i 97
normal i 98
normal i 99
normal i 100
normal i 101
normal i 102
normal i 103
normal i 104
normal i 105
normal i 106
normal i 107
normal i 108
normal i 109
normal i 110
normal i 111
normal i 112
normal i 113
normal i 114
normal i 115
normal i 116
normal i 117
normal i 118
normal i 119
normal i 120
normal i 121
normal i 122
normal i 123
normal i 124
normal i 125
normal i 126
normal i 127
normal i 128
normal i 129
normal i 130
normal i 131
normal i 132
normal i 133
normal i 134
normal i 135
normal i 136
normal i 137
normal i 138
normal i 139
normal i 140
normal i 141
normal i 142
normal i 143
normal i 144
normal i 145
normal i 146
normal i 147
normal i 148
normal i 149
normal i 150
normal i 151
normal i 152
normal i 153
normal i 154
normal i 155
normal i 156
normal i 157
normal i 158
normal i 159
normal i 160
normal i 161
normal i 162
normal i 163
normal i 164
normal i 165
normal i 166
normal i 167
normal i 168
normal i 169
normal i 170
normal i 171
normal i 172
normal i 173
normal i 174
normal i 175
normal i 176
normal i 177
normal i 178
normal i 179
normal i 180
normal i 181
normal i 182
normal i 183
normal i 184
normal i 185
normal i 186
normal i 187
normal i 188
normal i 189
normal i 190
seizure i 0
seizure i 1
seizure i 2
seizure i 3
seizure i 4
seizure i 5
seizure i 6
seizure i 7
seizure i 8
seizure i 9
seizure i 10
seizure i 11
seizure i 12
seizure i 13
seizure i 14
seizure i 15
seizure i 16
seizure i 17
seizure i 18
seizure i 19
seizure i 20
seizure i 21
seizure i 22
seizure i 23
seizure i 24
Done reading in 191 no seizure hours and 25 seizure hours
train_counter_seizure 20 val_counter_seizure 5
train_counter_normal 153 val_counter_normal 38
Memory usage (GB): 0.716054528
train_counter_seizure 20 val_counter_seizure 5
train_counter_normal 153 val_counter_normal 38
percentiles:
0 0.0 0.0
10 563.514282227 578.797058105
20 872.205322266 883.155273438
30 1154.68133545 1161.2824707
40 1448.24572754 1449.52600098
50 1780.36651611 1771.1819458
60 2183.18945312 2159.11547852
70 2715.40576172 2667.08557129
80 3508.41796875 3412.0793457
90 4984.85693359 4788.19702148
100 38412.0351562 39300.5585938
Histogram:
[3822 3822]
yTrain.shape (7644,)
xTrain.shape (7644,)
Histogram:
[570 570]
yTrain.shape (7644,)
xTrain.shape (1140,)
xVal.shape (1140,)
yVal.shape (1140,)
Ratio validation: 0.2
xTrain.shape (7644,)
yTrain.shape (7644,)
xVal.shape (1140, 2)
yVal.shape (1140,)
Building models ...
Model name for the training phase:  net13
Model name for the evaluation phase:  net13
['python', 'train.py', '--debug-sub-ratio=1', '--config-filename=config5.yml', '--no-channels=1', '--target-gpu=gpu1', '--data-path=/home/eavsteen/seizure_detection/data', '--patients=patient2_15']
init done
Command line arguments: Namespace(chosen_validation_ratio=0.2, config_filename='config5.yml', data_path='/home/eavsteen/seizure_detection/data', debug_sub_ratio=1.0, exclude_user=[], fixed_seed=True, include_user=[], mode='None', model_path='/home/eavsteen/seizure_detection/vault', no_channels=1, no_predict_test=False, no_preprocessing=False, no_save_model=False, no_training=False, patients=['patient2_15'], plot_prob_dist=False, save_preprocessed=False, shift=0, shuffle_before_split=True, target_gpu='gpu1')
Git reference:  Timestamp: 2016-10-13 15:43:28.479208
Hostname: kat
gpu1
Configuration 'config5.yml':
Configuration:
preprocess:
    floor: 0
    ceil: 32
    fft_width: 1024
    overlap: 0
    magnitude_window: 192
    augmentation: shift
    normalization: min_max_x255
    include_userdata: false
training:
    model: net13
evaluation:
    online_training: False
    model: net13

end Configuration
['patient2_15']
<type 'list'>
Loading and preprocessing data...
total
191
25
train
153
20
validation
38
5
test_magnitude.shape (1406, 32)
20
5
153
38
Read in dataset from train_3 ...
Processing data ...
read data and preprocess (fft and slicing)
read in channels [15]
/home/eavsteen/seizure_detection/data/train_3/3_
normal i 0
normal i 1
normal i 2
normal i 3
normal i 4
normal i 5
normal i 6
normal i 7
normal i 8
normal i 9
normal i 10
normal i 11
normal i 12
normal i 13
normal i 14
normal i 15
normal i 16
normal i 17
normal i 18
normal i 19
normal i 20
normal i 21
normal i 22
normal i 23
normal i 24
normal i 25
normal i 26
normal i 27
normal i 28
normal i 29
normal i 30
normal i 31
normal i 32
normal i 33
normal i 34
normal i 35
normal i 36
normal i 37
normal i 38
normal i 39
normal i 40
normal i 41
normal i 42
normal i 43
normal i 44
normal i 45
normal i 46
normal i 47
normal i 48
normal i 49
normal i 50
normal i 51
normal i 52
normal i 53
normal i 54
normal i 55
normal i 56
normal i 57
normal i 58
normal i 59
normal i 60
normal i 61
normal i 62
normal i 63
normal i 64
normal i 65
normal i 66
normal i 67
normal i 68
normal i 69
normal i 70
normal i 71
normal i 72
normal i 73
normal i 74
normal i 75
normal i 76
normal i 77
normal i 78
normal i 79
normal i 80
normal i 81
normal i 82
normal i 83
normal i 84
normal i 85
normal i 86
normal i 87
normal i 88
normal i 89
normal i 90
normal i 91
normal i 92
normal i 93
normal i 94
normal i 95
normal i 96
normal i 97
normal i 98
normal i 99
normal i 100
normal i 101
normal i 102
normal i 103
normal i 104
normal i 105
normal i 106
normal i 107
normal i 108
normal i 109
normal i 110
normal i 111
normal i 112
normal i 113
normal i 114
normal i 115
normal i 116
normal i 117
normal i 118
normal i 119
normal i 120
normal i 121
normal i 122
normal i 123
normal i 124
normal i 125
normal i 126
normal i 127
normal i 128
normal i 129
normal i 130
normal i 131
normal i 132
normal i 133
normal i 134
normal i 135
normal i 136
normal i 137
normal i 138
normal i 139
normal i 140
normal i 141
normal i 142
normal i 143
normal i 144
normal i 145
normal i 146
normal i 147
normal i 148
normal i 149
normal i 150
normal i 151
normal i 152
normal i 153
normal i 154
normal i 155
normal i 156
normal i 157
normal i 158
normal i 159
normal i 160
normal i 161
normal i 162
normal i 163
normal i 164
normal i 165
normal i 166
normal i 167
normal i 168
normal i 169
normal i 170
normal i 171
normal i 172
normal i 173
normal i 174
normal i 175
normal i 176
normal i 177
normal i 178
normal i 179
normal i 180
normal i 181
normal i 182
normal i 183
normal i 184
normal i 185
normal i 186
normal i 187
normal i 188
normal i 189
normal i 190
seizure i 0
seizure i 1
seizure i 2
seizure i 3
seizure i 4
seizure i 5
seizure i 6
seizure i 7
seizure i 8
seizure i 9
seizure i 10
seizure i 11
seizure i 12
seizure i 13
seizure i 14
seizure i 15
seizure i 16
seizure i 17
seizure i 18
seizure i 19
seizure i 20
seizure i 21
seizure i 22
seizure i 23
seizure i 24
Done reading in 191 no seizure hours and 25 seizure hours
train_counter_seizure 20 val_counter_seizure 5
train_counter_normal 153 val_counter_normal 38
Memory usage (GB): 0.716869632
train_counter_seizure 20 val_counter_seizure 5
train_counter_normal 153 val_counter_normal 38
percentiles:
0 0.0 0.0
10 504.805053711 530.28112793
20 788.140441895 814.44354248
30 1048.72442627 1076.60375977
40 1320.20410156 1346.54309082
50 1623.44073486 1647.79748535
60 1984.45874023 2002.1484375
70 2445.72192383 2449.84423828
80 3100.90722656 3079.56640625
90 4260.35400391 4181.36035156
100 28167.1855469 26524.03125
Histogram:
[3822 3822]
yTrain.shape (7644,)
xTrain.shape (7644,)
Histogram:
[570 570]
yTrain.shape (7644,)
xTrain.shape (1140,)
xVal.shape (1140,)
yVal.shape (1140,)
Ratio validation: 0.2
xTrain.shape (7644,)
yTrain.shape (7644,)
xVal.shape (1140, 2)
yVal.shape (1140,)
Building models ...
Model name for the training phase:  net13
Model name for the evaluation phase:  net13
